

Microchip Technology PIC18 LITE Macro Assembler V1.36 build -262312587 
                                                                                               Tue Aug 27 07:50:37 2019

Microchip Technology Omniscient Code Generator v1.36 (Free mode) build 201601150325
     1                           	processor	18F4580
     2                           	fnconf	rparam,??,?,0
     3                           	opt	pw 120
     4                           	opt	lm
     5                           	psect	idataCOMRAM,global,class=CODE,delta=1
     6                           	psect	cinit,global,reloc=2,class=CODE,delta=1
     7                           	psect	dataCOMRAM,global,class=COMRAM,space=1,delta=1
     8                           	psect	cstackCOMRAM,global,class=COMRAM,space=1,delta=1
     9                           	psect	text0,global,reloc=2,class=CODE,delta=1
    10                           	psect	text1,global,reloc=2,class=CODE,delta=1
    11                           	psect	text2,global,reloc=2,class=CODE,delta=1
    12                           	psect	text3,global,reloc=2,class=CODE,delta=1
    13                           	psect	text4,global,reloc=2,class=CODE,delta=1
    14                           	psect	intsave_regs,global,class=BIGRAM,space=1,delta=1
    15                           	psect	rparam,global,class=COMRAM,space=1,delta=1
    16  0000                     
    17                           	psect	idataCOMRAM
    18  003000                     __pidataCOMRAM:
    19                           	opt stack 0
    20                           
    21                           ;initializer for read_digital_keypad@once
    22  003000  01                 	db	1
    23  0000                     _ADCON1	set	4033
    24  0000                     _PORTC	set	3970
    25  0000                     _TRISC	set	3988
    26  0000                     _RB0	set	31752
    27  0000                     _TRISB0	set	31896
    28                           
    29                           ; #config settings
    30  0000                     
    31                           	psect	cinit
    32  002F80                     __pcinit:
    33                           	opt stack 0
    34  002F80                     start_initialization:
    35                           	opt stack 0
    36  002F80                     __initialization:
    37                           	opt stack 0
    38                           
    39                           ; Initialize objects allocated to COMRAM (1 bytes)
    40                           ; load TBLPTR registers with __pidataCOMRAM
    41  002F80  0E00               	movlw	low __pidataCOMRAM
    42  002F82  6EF6               	movwf	tblptrl,c
    43  002F84  0E30               	movlw	high __pidataCOMRAM
    44  002F86  6EF7               	movwf	tblptrh,c
    45  002F88  0E00               	movlw	low (__pidataCOMRAM shr (0+16))
    46  002F8A  6EF8               	movwf	tblptru,c
    47  002F8C  0009               	tblrd		*+	;fetch initializer
    48  002F8E  CFF5 F005          	movff	tablat,__pdataCOMRAM
    49  002F92                     end_of_initialization:
    50                           	opt stack 0
    51  002F92                     __end_of__initialization:
    52                           	opt stack 0
    53  002F92  0100               	movlb	0
    54  002F94  EFCC  F017         	goto	_main	;jump to C main() function
    55                           tblptru	equ	0xFF8
    56                           tblptrh	equ	0xFF7
    57                           tblptrl	equ	0xFF6
    58                           tablat	equ	0xFF5
    59                           
    60                           	psect	dataCOMRAM
    61  000005                     __pdataCOMRAM:
    62                           	opt stack 0
    63  000005                     read_digital_keypad@once:
    64                           	opt stack 0
    65  000005                     	ds	1
    66                           tblptru	equ	0xFF8
    67                           tblptrh	equ	0xFF7
    68                           tblptrl	equ	0xFF6
    69                           tablat	equ	0xFF5
    70                           
    71                           	psect	cstackCOMRAM
    72  000001                     __pcstackCOMRAM:
    73                           	opt stack 0
    74  000001                     glow_on_press@key:
    75                           	opt stack 0
    76  000001                     read_digital_keypad@detection_type:
    77                           	opt stack 0
    78                           
    79                           ; 1 bytes @ 0x0
    80  000001                     	ds	1
    81  000002                     main@i:
    82                           	opt stack 0
    83                           
    84                           ; 2 bytes @ 0x1
    85  000002                     	ds	2
    86  000004                     main@key:
    87                           	opt stack 0
    88                           
    89                           ; 1 bytes @ 0x3
    90  000004                     	ds	1
    91                           tblptru	equ	0xFF8
    92                           tblptrh	equ	0xFF7
    93                           tblptrl	equ	0xFF6
    94                           tablat	equ	0xFF5
    95                           
    96 ;;
    97 ;;Main: autosize = 0, tempsize = 0, incstack = 0, save=0
    98 ;;
    99 ;; *************** function _main *****************
   100 ;; Defined at:
   101 ;;		line 36 in file "main.c"
   102 ;; Parameters:    Size  Location     Type
   103 ;;		None
   104 ;; Auto vars:     Size  Location     Type
   105 ;;  i               2    1[COMRAM] int 
   106 ;;  key             1    3[COMRAM] unsigned char 
   107 ;; Return value:  Size  Location     Type
   108 ;;                  1    wreg      void 
   109 ;; Registers used:
   110 ;;		wreg, status,2, status,0, cstack
   111 ;; Tracked objects:
   112 ;;		On entry : 0/0
   113 ;;		On exit  : 0/0
   114 ;;		Unchanged: 0/0
   115 ;; Data sizes:     COMRAM   BANK0   BANK1   BANK2   BANK3   BANK4   BANK5
   116 ;;      Params:         0       0       0       0       0       0       0
   117 ;;      Locals:         3       0       0       0       0       0       0
   118 ;;      Temps:          0       0       0       0       0       0       0
   119 ;;      Totals:         3       0       0       0       0       0       0
   120 ;;Total ram usage:        3 bytes
   121 ;; Hardware stack levels required when called:    2
   122 ;; This function calls:
   123 ;;		_glow_on_press
   124 ;;		_init_config
   125 ;;		_read_digital_keypad
   126 ;; This function is called by:
   127 ;;		Startup code after reset
   128 ;; This function uses a non-reentrant model
   129 ;;
   130                           
   131                           	psect	text0
   132  002F98                     __ptext0:
   133                           	opt stack 0
   134  002F98                     _main:
   135                           	opt stack 29
   136                           
   137                           ;main.c: 38: unsigned char key;
   138                           ;main.c: 39: int i;
   139                           ;main.c: 40: init_config();
   140                           
   141                           ;incstack = 0
   142  002F98  ECAE  F017         	call	_init_config	;wreg free
   143  002F9C                     l21:
   144                           
   145                           ;main.c: 43: {
   146                           ;main.c: 44: key = read_digital_keypad(1);
   147  002F9C  0E01               	movlw	1
   148  002F9E  ECE2  F017         	call	_read_digital_keypad
   149  002FA2  6E04               	movwf	main@key,c
   150                           
   151                           ;main.c: 45: glow_on_press(key);
   152  002FA4  5004               	movf	main@key,w,c
   153  002FA6  ECB5  F017         	call	_glow_on_press
   154                           
   155                           ;main.c: 46: for (i = 50000; i--; );
   156  002FAA  0EC3               	movlw	195
   157  002FAC  6E03               	movwf	main@i+1,c
   158  002FAE  0E50               	movlw	80
   159  002FB0  6E02               	movwf	main@i,c
   160  002FB2                     l689:
   161  002FB2  0602               	decf	main@i,f,c
   162  002FB4  A0D8               	btfss	status,0,c
   163  002FB6  0603               	decf	main@i+1,f,c
   164  002FB8  2802               	incf	main@i,w,c
   165  002FBA  E1FB               	bnz	l689
   166  002FBC  2803               	incf	main@i+1,w,c
   167  002FBE  B4D8               	btfsc	status,2,c
   168  002FC0  D7ED               	goto	l21
   169  002FC2  D7F7               	goto	l689
   170  002FC4                     __end_of_main:
   171                           	opt stack 0
   172                           tblptru	equ	0xFF8
   173                           tblptrh	equ	0xFF7
   174                           tblptrl	equ	0xFF6
   175                           tablat	equ	0xFF5
   176                           status	equ	0xFD8
   177                           
   178 ;; *************** function _read_digital_keypad *****************
   179 ;; Defined at:
   180 ;;		line 9 in file "digital_keypad.c"
   181 ;; Parameters:    Size  Location     Type
   182 ;;  detection_ty    1    wreg     unsigned char 
   183 ;; Auto vars:     Size  Location     Type
   184 ;;  detection_ty    1    0[COMRAM] unsigned char 
   185 ;; Return value:  Size  Location     Type
   186 ;;                  1    wreg      unsigned char 
   187 ;; Registers used:
   188 ;;		wreg, status,2, status,0
   189 ;; Tracked objects:
   190 ;;		On entry : 0/0
   191 ;;		On exit  : 0/0
   192 ;;		Unchanged: 0/0
   193 ;; Data sizes:     COMRAM   BANK0   BANK1   BANK2   BANK3   BANK4   BANK5
   194 ;;      Params:         0       0       0       0       0       0       0
   195 ;;      Locals:         1       0       0       0       0       0       0
   196 ;;      Temps:          0       0       0       0       0       0       0
   197 ;;      Totals:         1       0       0       0       0       0       0
   198 ;;Total ram usage:        1 bytes
   199 ;; Hardware stack levels used:    1
   200 ;; This function calls:
   201 ;;		Nothing
   202 ;; This function is called by:
   203 ;;		_main
   204 ;; This function uses a non-reentrant model
   205 ;;
   206                           
   207                           	psect	text1
   208  002FC4                     __ptext1:
   209                           	opt stack 0
   210  002FC4                     _read_digital_keypad:
   211                           	opt stack 30
   212                           
   213                           ;incstack = 0
   214                           ;read_digital_keypad@detection_type stored from wreg
   215  002FC4  6E01               	movwf	read_digital_keypad@detection_type,c
   216                           
   217                           ;digital_keypad.c: 11: static unsigned char once = 1;
   218                           ;digital_keypad.c: 13: if (detection_type == 1)
   219  002FC6  0401               	decf	read_digital_keypad@detection_type,w,c
   220  002FC8  A4D8               	btfss	status,2,c
   221  002FCA  D015               	goto	l675
   222                           
   223                           ;digital_keypad.c: 14: {
   224                           ;digital_keypad.c: 15: if (((PORTC & 0x0F) != 0x0F) && once)
   225  002FCC  5082               	movf	3970,w,c	;volatile
   226  002FCE  0B0F               	andlw	15
   227  002FD0  0A0F               	xorlw	15
   228  002FD2  B4D8               	btfsc	status,2,c
   229  002FD4  D008               	goto	l671
   230  002FD6  5005               	movf	read_digital_keypad@once,w,c
   231  002FD8  B4D8               	btfsc	status,2,c
   232  002FDA  D005               	goto	l671
   233                           
   234                           ;digital_keypad.c: 16: {
   235                           ;digital_keypad.c: 17: once = 0;
   236  002FDC  0E00               	movlw	0
   237  002FDE  6E05               	movwf	read_digital_keypad@once,c
   238  002FE0                     l665:
   239                           
   240                           ;digital_keypad.c: 19: return (PORTC & 0x0F);
   241  002FE0  5082               	movf	3970,w,c	;volatile
   242  002FE2  0B0F               	andlw	15
   243  002FE4  0012               	return	
   244  002FE6                     l671:
   245                           
   246                           ;digital_keypad.c: 21: else if ((PORTC & 0x0F) == 0x0F)
   247  002FE6  5082               	movf	3970,w,c	;volatile
   248  002FE8  0B0F               	andlw	15
   249  002FEA  0A0F               	xorlw	15
   250  002FEC  A4D8               	btfss	status,2,c
   251  002FEE  D006               	goto	l681
   252                           
   253                           ;digital_keypad.c: 22: {
   254                           ;digital_keypad.c: 23: once = 1;
   255  002FF0  0E01               	movlw	1
   256  002FF2  6E05               	movwf	read_digital_keypad@once,c
   257                           
   258                           ;digital_keypad.c: 24: }
   259                           ;digital_keypad.c: 25: }
   260  002FF4  D003               	goto	l681
   261  002FF6                     l675:
   262                           
   263                           ;digital_keypad.c: 26: else if (detection_type == 0)
   264  002FF6  5001               	movf	read_digital_keypad@detection_type,w,c
   265  002FF8  B4D8               	btfsc	status,2,c
   266  002FFA  D7F2               	goto	l665
   267  002FFC                     l681:
   268                           
   269                           ;digital_keypad.c: 29: }
   270                           ;digital_keypad.c: 31: return 0xFF;
   271  002FFC  0EFF               	movlw	255
   272  002FFE  0012               	return	
   273  003000                     __end_of_read_digital_keypad:
   274                           	opt stack 0
   275                           tblptru	equ	0xFF8
   276                           tblptrh	equ	0xFF7
   277                           tblptrl	equ	0xFF6
   278                           tablat	equ	0xFF5
   279                           status	equ	0xFD8
   280                           
   281 ;; *************** function _init_config *****************
   282 ;; Defined at:
   283 ;;		line 26 in file "main.c"
   284 ;; Parameters:    Size  Location     Type
   285 ;;		None
   286 ;; Auto vars:     Size  Location     Type
   287 ;;		None
   288 ;; Return value:  Size  Location     Type
   289 ;;                  1    wreg      void 
   290 ;; Registers used:
   291 ;;		wreg, status,2, status,0, cstack
   292 ;; Tracked objects:
   293 ;;		On entry : 0/0
   294 ;;		On exit  : 0/0
   295 ;;		Unchanged: 0/0
   296 ;; Data sizes:     COMRAM   BANK0   BANK1   BANK2   BANK3   BANK4   BANK5
   297 ;;      Params:         0       0       0       0       0       0       0
   298 ;;      Locals:         0       0       0       0       0       0       0
   299 ;;      Temps:          0       0       0       0       0       0       0
   300 ;;      Totals:         0       0       0       0       0       0       0
   301 ;;Total ram usage:        0 bytes
   302 ;; Hardware stack levels used:    1
   303 ;; Hardware stack levels required when called:    1
   304 ;; This function calls:
   305 ;;		_init_digital_keypad
   306 ;; This function is called by:
   307 ;;		_main
   308 ;; This function uses a non-reentrant model
   309 ;;
   310                           
   311                           	psect	text2
   312  002F5C                     __ptext2:
   313                           	opt stack 0
   314  002F5C                     _init_config:
   315                           	opt stack 29
   316                           
   317                           ;main.c: 28: ADCON1 = 0x0F;
   318                           
   319                           ;incstack = 0
   320  002F5C  0E0F               	movlw	15
   321  002F5E  6EC1               	movwf	4033,c	;volatile
   322                           
   323                           ;main.c: 30: RB0 = 0;
   324  002F60  9081               	bcf	3969,0,c	;volatile
   325                           
   326                           ;main.c: 31: TRISB0 = 0;
   327  002F62  9093               	bcf	3987,0,c	;volatile
   328                           
   329                           ;main.c: 33: init_digital_keypad();
   330  002F64  ECAA  F017         	call	_init_digital_keypad	;wreg free
   331  002F68  0012               	return		;funcret
   332  002F6A                     __end_of_init_config:
   333                           	opt stack 0
   334                           tblptru	equ	0xFF8
   335                           tblptrh	equ	0xFF7
   336                           tblptrl	equ	0xFF6
   337                           tablat	equ	0xFF5
   338                           status	equ	0xFD8
   339                           
   340 ;; *************** function _init_digital_keypad *****************
   341 ;; Defined at:
   342 ;;		line 4 in file "digital_keypad.c"
   343 ;; Parameters:    Size  Location     Type
   344 ;;		None
   345 ;; Auto vars:     Size  Location     Type
   346 ;;		None
   347 ;; Return value:  Size  Location     Type
   348 ;;                  1    wreg      void 
   349 ;; Registers used:
   350 ;;		wreg, status,2, status,0
   351 ;; Tracked objects:
   352 ;;		On entry : 0/0
   353 ;;		On exit  : 0/0
   354 ;;		Unchanged: 0/0
   355 ;; Data sizes:     COMRAM   BANK0   BANK1   BANK2   BANK3   BANK4   BANK5
   356 ;;      Params:         0       0       0       0       0       0       0
   357 ;;      Locals:         0       0       0       0       0       0       0
   358 ;;      Temps:          0       0       0       0       0       0       0
   359 ;;      Totals:         0       0       0       0       0       0       0
   360 ;;Total ram usage:        0 bytes
   361 ;; Hardware stack levels used:    1
   362 ;; This function calls:
   363 ;;		Nothing
   364 ;; This function is called by:
   365 ;;		_init_config
   366 ;; This function uses a non-reentrant model
   367 ;;
   368                           
   369                           	psect	text3
   370  002F54                     __ptext3:
   371                           	opt stack 0
   372  002F54                     _init_digital_keypad:
   373                           	opt stack 29
   374                           
   375                           ;digital_keypad.c: 6: TRISC = TRISC | 0x0F;
   376                           
   377                           ;incstack = 0
   378  002F54  5094               	movf	3988,w,c	;volatile
   379  002F56  090F               	iorlw	15
   380  002F58  6E94               	movwf	3988,c	;volatile
   381  002F5A  0012               	return		;funcret
   382  002F5C                     __end_of_init_digital_keypad:
   383                           	opt stack 0
   384                           tblptru	equ	0xFF8
   385                           tblptrh	equ	0xFF7
   386                           tblptrl	equ	0xFF6
   387                           tablat	equ	0xFF5
   388                           status	equ	0xFD8
   389                           
   390 ;; *************** function _glow_on_press *****************
   391 ;; Defined at:
   392 ;;		line 4 in file "main.c"
   393 ;; Parameters:    Size  Location     Type
   394 ;;  key             1    wreg     unsigned char 
   395 ;; Auto vars:     Size  Location     Type
   396 ;;  key             1    0[COMRAM] unsigned char 
   397 ;; Return value:  Size  Location     Type
   398 ;;                  1    wreg      void 
   399 ;; Registers used:
   400 ;;		wreg, status,2, status,0
   401 ;; Tracked objects:
   402 ;;		On entry : 0/0
   403 ;;		On exit  : 0/0
   404 ;;		Unchanged: 0/0
   405 ;; Data sizes:     COMRAM   BANK0   BANK1   BANK2   BANK3   BANK4   BANK5
   406 ;;      Params:         0       0       0       0       0       0       0
   407 ;;      Locals:         1       0       0       0       0       0       0
   408 ;;      Temps:          0       0       0       0       0       0       0
   409 ;;      Totals:         1       0       0       0       0       0       0
   410 ;;Total ram usage:        1 bytes
   411 ;; Hardware stack levels used:    1
   412 ;; This function calls:
   413 ;;		Nothing
   414 ;; This function is called by:
   415 ;;		_main
   416 ;; This function uses a non-reentrant model
   417 ;;
   418                           
   419                           	psect	text4
   420  002F6A                     __ptext4:
   421                           	opt stack 0
   422  002F6A                     _glow_on_press:
   423                           	opt stack 30
   424                           
   425                           ;incstack = 0
   426                           ;glow_on_press@key stored from wreg
   427  002F6A  6E01               	movwf	glow_on_press@key,c
   428                           
   429                           ;main.c: 7: if (key == 0x0E)
   430  002F6C  0E0E               	movlw	14
   431  002F6E  1801               	xorwf	glow_on_press@key,w,c
   432  002F70  A4D8               	btfss	status,2,c
   433  002F72  0012               	return	
   434                           
   435                           ;main.c: 8: {
   436                           ;main.c: 9: RB0 = !RB0;
   437  002F74  B081               	btfsc	3969,0,c	;volatile
   438  002F76  D002               	goto	u20
   439  002F78  8081               	bsf	3969,0,c	;volatile
   440  002F7A  0012               	return	
   441  002F7C                     u20:
   442  002F7C  9081               	bcf	3969,0,c	;volatile
   443                           
   444                           ;main.c: 10: }
   445  002F7E  0012               	return	
   446  002F80                     __end_of_glow_on_press:
   447                           	opt stack 0
   448  0000                     tblptru	equ	0xFF8
   449                           tblptrh	equ	0xFF7
   450                           tblptrl	equ	0xFF6
   451                           tablat	equ	0xFF5
   452                           status	equ	0xFD8
   453                           tblptru	equ	0xFF8
   454                           tblptrh	equ	0xFF7
   455                           tblptrl	equ	0xFF6
   456                           tablat	equ	0xFF5
   457                           status	equ	0xFD8
   458                           
   459                           	psect	rparam
   460  0000                     tblptru	equ	0xFF8
   461                           tblptrh	equ	0xFF7
   462                           tblptrl	equ	0xFF6
   463                           tablat	equ	0xFF5
   464                           status	equ	0xFD8


Data Sizes:
    Strings     0
    Constant    0
    Data        1
    BSS         0
    Persistent  0
    Stack       0

Auto Spaces:
    Space          Size  Autos    Used
    COMRAM           95      4       5
    BANK0           160      0       0
    BANK1           256      0       0
    BANK2           256      0       0
    BANK3           256      0       0
    BANK4           256      0       0
    BANK5           256      0       0

Pointer List with Targets:

    None.

Critical Paths under _main in COMRAM

    _main->_glow_on_press
    _main->_read_digital_keypad

Critical Paths under _main in BANK0

    None.

Critical Paths under _main in BANK1

    None.

Critical Paths under _main in BANK2

    None.

Critical Paths under _main in BANK3

    None.

Critical Paths under _main in BANK4

    None.

Critical Paths under _main in BANK5

    None.

Call Graph Tables:

 ---------------------------------------------------------------------------------
 (Depth) Function   	        Calls       Base Space   Used Autos Params    Refs
 ---------------------------------------------------------------------------------
 (0) _main                                                 3     3      0      75
                                              1 COMRAM     3     3      0
                      _glow_on_press
                        _init_config
                _read_digital_keypad
 ---------------------------------------------------------------------------------
 (1) _read_digital_keypad                                  1     1      0      30
                                              0 COMRAM     1     1      0
 ---------------------------------------------------------------------------------
 (1) _init_config                                          0     0      0       0
                _init_digital_keypad
 ---------------------------------------------------------------------------------
 (2) _init_digital_keypad                                  0     0      0       0
 ---------------------------------------------------------------------------------
 (1) _glow_on_press                                        1     1      0      15
                                              0 COMRAM     1     1      0
 ---------------------------------------------------------------------------------
 Estimated maximum stack depth 2
 ---------------------------------------------------------------------------------

 Call Graph Graphs:

 _main (ROOT)
   _glow_on_press
   _init_config
     _init_digital_keypad
   _read_digital_keypad

 Address spaces:
Name               Size   Autos  Total    Cost      Usage
BIGRAM             5FF      0       0      16        0.0%
EEDATA             100      0       0       0        0.0%
BITBANK5           100      0       0      14        0.0%
BANK5              100      0       0      15        0.0%
BITBANK4           100      0       0      12        0.0%
BANK4              100      0       0      13        0.0%
BITBANK3           100      0       0      10        0.0%
BANK3              100      0       0      11        0.0%
BITBANK2           100      0       0       8        0.0%
BANK2              100      0       0       9        0.0%
BITBANK1           100      0       0       6        0.0%
BANK1              100      0       0       7        0.0%
BITBANK0            A0      0       0       4        0.0%
BANK0               A0      0       0       5        0.0%
BITCOMRAM           5F      0       0       0        0.0%
COMRAM              5F      4       5       1        5.3%
BITSFR_3             0      0       0      40        0.0%
SFR_3                0      0       0      40        0.0%
BITSFR_2             0      0       0      40        0.0%
SFR_2                0      0       0      40        0.0%
BITSFR_1             0      0       0      40        0.0%
SFR_1                0      0       0      40        0.0%
BITSFR               0      0       0      40        0.0%
SFR                  0      0       0      40        0.0%
STACK                0      0       0       2        0.0%
NULL                 0      0       0       0        0.0%
ABS                  0      0       5       3        0.0%
DATA                 0      0       5      17        0.0%
CODE                 0      0       0       0        0.0%


Microchip Technology PIC18 Macro Assembler V1.36 build -262312587 
Symbol Table                                                                                   Tue Aug 27 07:50:37 2019

                               l21 2F9C                                 u20 2F7C  
                      __CFG_OSC$XT 000000                                l671 2FE6  
                              l681 2FFC                                l665 2FE0  
                              l675 2FF6                                l689 2FB2  
                              _RB0 007C08                       __CFG_LVP$OFF 000000  
                     __CFG_WDT$OFF 000000              ??_read_digital_keypad 0001  
                             _main 2F98                   glow_on_press@key 0001  
                             start 0000                       ___param_bank 000010  
                            ?_main 0001                       ?_init_config 0001  
                            _PORTC 000F82                              _TRISC 000F94  
                            main@i 0002                     __CFG_BOREN$OFF 000000  
                            tablat 000FF5                              status 000FD8  
                  __initialization 2F80                       __end_of_main 2FC4  
           __size_of_glow_on_press 0016                             ??_main 0002  
                    __activetblptr 000000                             _ADCON1 000FC1  
                           _TRISB0 007C98        __end_of_init_digital_keypad 2F5C  
                     __pdataCOMRAM 0005                             tblptrh 000FF7  
                           tblptrl 000FF6                             tblptru 000FF8  
                    _glow_on_press 2F6A                         __accesstop 0060  
          __end_of__initialization 2F92                    __CFG_PBADEN$OFF 000000  
                    ___rparam_used 000001                     __pcstackCOMRAM 0001  
             __size_of_init_config 000E                     ?_glow_on_press 0001  
      __end_of_read_digital_keypad 3000                            __Hparam 0000  
                          __Lparam 0000                            __pcinit 2F80  
                          __ramtop 0600                            __ptext0 2F98  
                          __ptext1 2FC4                            __ptext2 2F5C  
                          __ptext3 2F54                            __ptext4 2F6A  
                  ??_glow_on_press 0001                            main@key 0004  
             end_of_initialization 2F92       __size_of_init_digital_keypad 0008  
                    __pidataCOMRAM 3000                start_initialization 2F80  
                    ??_init_config 0001                __end_of_init_config 2F6A  
     __size_of_read_digital_keypad 003C  read_digital_keypad@detection_type 0001  
            __end_of_glow_on_press 2F80                _init_digital_keypad 2F54  
                         __Hrparam 0000                           __Lrparam 0000  
             ?_init_digital_keypad 0001                        _init_config 2F5C  
                    __size_of_main 002C            read_digital_keypad@once 0005  
            ??_init_digital_keypad 0001                _read_digital_keypad 2FC4  
             ?_read_digital_keypad 0001  
