

Microchip Technology PIC18 LITE Macro Assembler V1.36 build -262312587 
                                                                                               Tue Aug 27 07:28:25 2019

Microchip Technology Omniscient Code Generator v1.36 (Free mode) build 201601150325
     1                           	processor	18F4580
     2                           	fnconf	rparam,??,?,0
     3                           	opt	pw 120
     4                           	opt	lm
     5                           	psect	cinit,global,reloc=2,class=CODE,delta=1
     6                           	psect	bssCOMRAM,global,class=COMRAM,space=1,delta=1
     7                           	psect	cstackCOMRAM,global,class=COMRAM,space=1,delta=1
     8                           	psect	text0,global,reloc=2,class=CODE,delta=1
     9                           	psect	text1,global,reloc=2,class=CODE,delta=1
    10                           	psect	intsave_regs,global,class=BIGRAM,space=1,delta=1
    11                           	psect	rparam,global,class=COMRAM,space=1,delta=1
    12  0000                     _ADCON1	set	4033
    13  0000                     _LATB	set	3978
    14  0000                     _PORTB	set	3969
    15  0000                     _TRISB	set	3987
    16                           
    17                           ; #config settings
    18                           
    19                           	psect	cinit
    20  002F18                     __pcinit:
    21                           	opt stack 0
    22  002F18                     start_initialization:
    23                           	opt stack 0
    24  002F18                     __initialization:
    25                           	opt stack 0
    26                           
    27                           ; Clear objects allocated to COMRAM (2 bytes)
    28  002F18  6A0E               	clrf	(__pbssCOMRAM+1)& (0+255),c
    29  002F1A  6A0D               	clrf	__pbssCOMRAM& (0+255),c
    30  002F1C                     end_of_initialization:
    31                           	opt stack 0
    32  002F1C                     __end_of__initialization:
    33                           	opt stack 0
    34  002F1C  0100               	movlb	0
    35  002F1E  EF9A  F017         	goto	_main	;jump to C main() function
    36                           
    37                           	psect	bssCOMRAM
    38  00000D                     __pbssCOMRAM:
    39                           	opt stack 0
    40  00000D                     _i:
    41                           	opt stack 0
    42  00000D                     	ds	2
    43                           
    44                           	psect	cstackCOMRAM
    45  000001                     __pcstackCOMRAM:
    46                           	opt stack 0
    47  000001                     ??_main:
    48                           
    49                           ; 1 bytes @ 0x0
    50  000001                     	ds	2
    51  000003                     main@mask:
    52                           	opt stack 0
    53                           
    54                           ; 2 bytes @ 0x2
    55  000003                     	ds	2
    56  000005                     main@mask1:
    57                           	opt stack 0
    58                           
    59                           ; 2 bytes @ 0x4
    60  000005                     	ds	2
    61  000007                     main@mask2:
    62                           	opt stack 0
    63                           
    64                           ; 2 bytes @ 0x6
    65  000007                     	ds	2
    66  000009                     main@mask3:
    67                           	opt stack 0
    68                           
    69                           ; 2 bytes @ 0x8
    70  000009                     	ds	2
    71  00000B                     main@j:
    72                           	opt stack 0
    73                           
    74                           ; 2 bytes @ 0xA
    75  00000B                     	ds	2
    76                           
    77 ;;
    78 ;;Main: autosize = 0, tempsize = 2, incstack = 0, save=0
    79 ;;
    80 ;; *************** function _main *****************
    81 ;; Defined at:
    82 ;;		line 16 in file "main.c"
    83 ;; Parameters:    Size  Location     Type
    84 ;;		None
    85 ;; Auto vars:     Size  Location     Type
    86 ;;  j               2   10[COMRAM] int 
    87 ;;  mask3           2    8[COMRAM] unsigned int 
    88 ;;  mask2           2    6[COMRAM] unsigned int 
    89 ;;  mask1           2    4[COMRAM] unsigned int 
    90 ;;  mask            2    2[COMRAM] unsigned int 
    91 ;; Return value:  Size  Location     Type
    92 ;;                  1    wreg      void 
    93 ;; Registers used:
    94 ;;		wreg, status,2, status,0, cstack
    95 ;; Tracked objects:
    96 ;;		On entry : 0/0
    97 ;;		On exit  : 0/0
    98 ;;		Unchanged: 0/0
    99 ;; Data sizes:     COMRAM   BANK0   BANK1   BANK2   BANK3   BANK4   BANK5
   100 ;;      Params:         0       0       0       0       0       0       0
   101 ;;      Locals:        10       0       0       0       0       0       0
   102 ;;      Temps:          2       0       0       0       0       0       0
   103 ;;      Totals:        12       0       0       0       0       0       0
   104 ;;Total ram usage:       12 bytes
   105 ;; Hardware stack levels required when called:    1
   106 ;; This function calls:
   107 ;;		_init_config
   108 ;; This function is called by:
   109 ;;		Startup code after reset
   110 ;; This function uses a non-reentrant model
   111 ;;
   112                           
   113                           	psect	text0
   114  002F34                     __ptext0:
   115                           	opt stack 0
   116  002F34                     _main:
   117                           	opt stack 30
   118                           
   119                           ;main.c: 18: init_config();
   120                           
   121                           ;incstack = 0
   122  002F34  EC91  F017         	call	_init_config	;wreg free
   123  002F38                     l633:
   124                           
   125                           ;main.c: 20: {
   126                           ;main.c: 22: PORTB = 0xFF;
   127  002F38  6881               	setf	3969,c	;volatile
   128                           
   129                           ;main.c: 23: unsigned int mask = 0, mask1 = 0x80, mask2 = 0x01, mask3 = 0;
   130  002F3A  0E00               	movlw	0
   131  002F3C  6E04               	movwf	main@mask+1,c
   132  002F3E  0E00               	movlw	0
   133  002F40  6E03               	movwf	main@mask,c
   134  002F42  0E00               	movlw	0
   135  002F44  6E06               	movwf	main@mask1+1,c
   136  002F46  0E80               	movlw	128
   137  002F48  6E05               	movwf	main@mask1,c
   138  002F4A  0E00               	movlw	0
   139  002F4C  6E08               	movwf	main@mask2+1,c
   140  002F4E  0E01               	movlw	1
   141  002F50  6E07               	movwf	main@mask2,c
   142  002F52  0E00               	movlw	0
   143  002F54  6E0A               	movwf	main@mask3+1,c
   144  002F56  0E00               	movlw	0
   145  002F58  6E09               	movwf	main@mask3,c
   146                           
   147                           ;main.c: 24: int j;
   148                           ;main.c: 25: for(j = 0; j < 16;j++)
   149  002F5A  0E00               	movlw	0
   150  002F5C  6E0C               	movwf	main@j+1,c
   151  002F5E  0E00               	movlw	0
   152  002F60  6E0B               	movwf	main@j,c
   153  002F62                     l645:
   154  002F62  BE0C               	btfsc	main@j+1,7,c
   155  002F64  D006               	goto	l649
   156  002F66  500C               	movf	main@j+1,w,c
   157  002F68  E1E7               	bnz	l633
   158  002F6A  0E10               	movlw	16
   159  002F6C  5C0B               	subwf	main@j,w,c
   160  002F6E  B0D8               	btfsc	status,0,c
   161  002F70  D7E3               	goto	l633
   162  002F72                     l649:
   163                           
   164                           ;main.c: 26: {
   165                           ;main.c: 27: if(j < 7)
   166  002F72  BE0C               	btfsc	main@j+1,7,c
   167  002F74  D006               	goto	l651
   168  002F76  500C               	movf	main@j+1,w,c
   169  002F78  E120               	bnz	l659
   170  002F7A  0E07               	movlw	7
   171  002F7C  5C0B               	subwf	main@j,w,c
   172  002F7E  B0D8               	btfsc	status,0,c
   173  002F80  D01C               	goto	l659
   174  002F82                     l651:
   175                           
   176                           ;main.c: 28: {
   177                           ;main.c: 29: PORTB = mask;
   178  002F82  C003  FF81         	movff	main@mask,3969	;volatile
   179                           
   180                           ;main.c: 30: mask = mask | mask1;
   181  002F86  5005               	movf	main@mask1,w,c
   182  002F88  1003               	iorwf	main@mask,w,c
   183  002F8A  6E03               	movwf	main@mask,c
   184  002F8C  5006               	movf	main@mask1+1,w,c
   185  002F8E  1004               	iorwf	main@mask+1,w,c
   186  002F90  6E04               	movwf	main@mask+1,c
   187                           
   188                           ;main.c: 31: mask1 = mask1 >> 1;
   189  002F92  90D8               	bcf	status,0,c
   190  002F94  3006               	rrcf	main@mask1+1,w,c
   191  002F96  6E01               	movwf	??_main& (0+255),c
   192  002F98  3005               	rrcf	main@mask1,w,c
   193  002F9A  6E05               	movwf	main@mask1,c
   194  002F9C  C001  F006         	movff	??_main,main@mask1+1
   195                           
   196                           ;main.c: 32: for(i = 50000;i--;);
   197  002FA0  0EC3               	movlw	195
   198  002FA2  6E0E               	movwf	_i+1,c
   199  002FA4  0E50               	movlw	80
   200  002FA6  6E0D               	movwf	_i,c
   201  002FA8                     l657:
   202  002FA8  060D               	decf	_i,f,c
   203  002FAA  A0D8               	btfss	status,0,c
   204  002FAC  060E               	decf	_i+1,f,c
   205  002FAE  280D               	incf	_i,w,c
   206  002FB0  E1FB               	bnz	l657
   207  002FB2  280E               	incf	_i+1,w,c
   208  002FB4  B4D8               	btfsc	status,2,c
   209  002FB6  D021               	goto	l669
   210  002FB8  D7F7               	goto	l657
   211  002FBA                     l659:
   212                           
   213                           ;main.c: 35: else if(j == 7)
   214  002FBA  0E07               	movlw	7
   215  002FBC  180B               	xorwf	main@j,w,c
   216  002FBE  100C               	iorwf	main@j+1,w,c
   217  002FC0  A4D8               	btfss	status,2,c
   218  002FC2  D002               	goto	l24
   219                           
   220                           ;main.c: 36: {
   221                           ;main.c: 37: PORTB = 0xFF;
   222  002FC4  6881               	setf	3969,c	;volatile
   223                           
   224                           ;main.c: 38: }
   225  002FC6  D019               	goto	l669
   226  002FC8                     l24:
   227                           
   228                           ;main.c: 39: else
   229                           ;main.c: 40: {
   230                           ;main.c: 41: PORTB = mask3;
   231  002FC8  C009  FF81         	movff	main@mask3,3969	;volatile
   232                           
   233                           ;main.c: 42: mask3 = mask3 | mask2;
   234  002FCC  5007               	movf	main@mask2,w,c
   235  002FCE  1009               	iorwf	main@mask3,w,c
   236  002FD0  6E09               	movwf	main@mask3,c
   237  002FD2  5008               	movf	main@mask2+1,w,c
   238  002FD4  100A               	iorwf	main@mask3+1,w,c
   239  002FD6  6E0A               	movwf	main@mask3+1,c
   240                           
   241                           ;main.c: 43: mask2 = mask2 << 1;
   242  002FD8  90D8               	bcf	status,0,c
   243  002FDA  3407               	rlcf	main@mask2,w,c
   244  002FDC  6E07               	movwf	main@mask2,c
   245  002FDE  3408               	rlcf	main@mask2+1,w,c
   246  002FE0  6E08               	movwf	main@mask2+1,c
   247                           
   248                           ;main.c: 44: for(i = 50000;i--;);
   249  002FE2  0EC3               	movlw	195
   250  002FE4  6E0E               	movwf	_i+1,c
   251  002FE6  0E50               	movlw	80
   252  002FE8  6E0D               	movwf	_i,c
   253  002FEA                     l667:
   254  002FEA  060D               	decf	_i,f,c
   255  002FEC  A0D8               	btfss	status,0,c
   256  002FEE  060E               	decf	_i+1,f,c
   257  002FF0  280D               	incf	_i,w,c
   258  002FF2  E1FB               	bnz	l667
   259  002FF4  280E               	incf	_i+1,w,c
   260  002FF6  A4D8               	btfss	status,2,c
   261  002FF8  D7F8               	goto	l667
   262  002FFA                     l669:
   263  002FFA  4A0B               	infsnz	main@j,f,c
   264  002FFC  2A0C               	incf	main@j+1,f,c
   265  002FFE  D7B1               	goto	l645
   266  003000                     __end_of_main:
   267                           	opt stack 0
   268                           status	equ	0xFD8
   269                           
   270 ;; *************** function _init_config *****************
   271 ;; Defined at:
   272 ;;		line 3 in file "main.c"
   273 ;; Parameters:    Size  Location     Type
   274 ;;		None
   275 ;; Auto vars:     Size  Location     Type
   276 ;;		None
   277 ;; Return value:  Size  Location     Type
   278 ;;                  1    wreg      void 
   279 ;; Registers used:
   280 ;;		wreg, status,2
   281 ;; Tracked objects:
   282 ;;		On entry : 0/0
   283 ;;		On exit  : 0/0
   284 ;;		Unchanged: 0/0
   285 ;; Data sizes:     COMRAM   BANK0   BANK1   BANK2   BANK3   BANK4   BANK5
   286 ;;      Params:         0       0       0       0       0       0       0
   287 ;;      Locals:         0       0       0       0       0       0       0
   288 ;;      Temps:          0       0       0       0       0       0       0
   289 ;;      Totals:         0       0       0       0       0       0       0
   290 ;;Total ram usage:        0 bytes
   291 ;; Hardware stack levels used:    1
   292 ;; This function calls:
   293 ;;		Nothing
   294 ;; This function is called by:
   295 ;;		_main
   296 ;; This function uses a non-reentrant model
   297 ;;
   298                           
   299                           	psect	text1
   300  002F22                     __ptext1:
   301                           	opt stack 0
   302  002F22                     _init_config:
   303                           	opt stack 30
   304                           
   305                           ;main.c: 6: TRISB = 0x00;
   306                           
   307                           ;incstack = 0
   308  002F22  0E00               	movlw	0
   309  002F24  6E93               	movwf	3987,c	;volatile
   310                           
   311                           ;main.c: 8: ADCON1 = 0x00;
   312  002F26  0E00               	movlw	0
   313  002F28  6EC1               	movwf	4033,c	;volatile
   314                           
   315                           ;main.c: 10: LATB = 0x55;
   316  002F2A  0E55               	movlw	85
   317  002F2C  6E8A               	movwf	3978,c	;volatile
   318                           
   319                           ;main.c: 12: PORTB = 0x00;
   320  002F2E  0E00               	movlw	0
   321  002F30  6E81               	movwf	3969,c	;volatile
   322  002F32  0012               	return		;funcret
   323  002F34                     __end_of_init_config:
   324                           	opt stack 0
   325  0000                     status	equ	0xFD8
   326                           status	equ	0xFD8
   327                           
   328                           	psect	rparam
   329  0000                     status	equ	0xFD8


Data Sizes:
    Strings     0
    Constant    0
    Data        0
    BSS         2
    Persistent  0
    Stack       0

Auto Spaces:
    Space          Size  Autos    Used
    COMRAM           95     12      14
    BANK0           160      0       0
    BANK1           256      0       0
    BANK2           256      0       0
    BANK3           256      0       0
    BANK4           256      0       0
    BANK5           256      0       0

Pointer List with Targets:

    None.

Critical Paths under _main in COMRAM

    None.

Critical Paths under _main in BANK0

    None.

Critical Paths under _main in BANK1

    None.

Critical Paths under _main in BANK2

    None.

Critical Paths under _main in BANK3

    None.

Critical Paths under _main in BANK4

    None.

Critical Paths under _main in BANK5

    None.

Call Graph Tables:

 ---------------------------------------------------------------------------------
 (Depth) Function   	        Calls       Base Space   Used Autos Params    Refs
 ---------------------------------------------------------------------------------
 (0) _main                                                12    12      0     180
                                              0 COMRAM    12    12      0
                        _init_config
 ---------------------------------------------------------------------------------
 (1) _init_config                                          0     0      0       0
 ---------------------------------------------------------------------------------
 Estimated maximum stack depth 1
 ---------------------------------------------------------------------------------

 Call Graph Graphs:

 _main (ROOT)
   _init_config

 Address spaces:
Name               Size   Autos  Total    Cost      Usage
BIGRAM             5FF      0       0      16        0.0%
EEDATA             100      0       0       0        0.0%
BITBANK5           100      0       0      14        0.0%
BANK5              100      0       0      15        0.0%
BITBANK4           100      0       0      12        0.0%
BANK4              100      0       0      13        0.0%
BITBANK3           100      0       0      10        0.0%
BANK3              100      0       0      11        0.0%
BITBANK2           100      0       0       8        0.0%
BANK2              100      0       0       9        0.0%
BITBANK1           100      0       0       6        0.0%
BANK1              100      0       0       7        0.0%
BITBANK0            A0      0       0       4        0.0%
BANK0               A0      0       0       5        0.0%
BITCOMRAM           5F      0       0       0        0.0%
COMRAM              5F      C       E       1       14.7%
BITSFR_3             0      0       0      40        0.0%
SFR_3                0      0       0      40        0.0%
BITSFR_2             0      0       0      40        0.0%
SFR_2                0      0       0      40        0.0%
BITSFR_1             0      0       0      40        0.0%
SFR_1                0      0       0      40        0.0%
BITSFR               0      0       0      40        0.0%
SFR                  0      0       0      40        0.0%
STACK                0      0       0       2        0.0%
NULL                 0      0       0       0        0.0%
ABS                  0      0       E       3        0.0%
DATA                 0      0       E      17        0.0%
CODE                 0      0       0       0        0.0%


Microchip Technology PIC18 Macro Assembler V1.36 build -262312587 
Symbol Table                                                                                   Tue Aug 27 07:28:25 2019

                      _i 000D                       l24 2FC8                      l633 2F38  
                    l651 2F82                      l645 2F62                      l657 2FA8  
                    l649 2F72                      l667 2FEA                      l659 2FBA  
                    l669 2FFA                     _LATB 000F8A                     _main 2F34  
                   start 0000             ___param_bank 000010                    ?_main 0001  
           ?_init_config 0001                    _PORTB 000F81                    _TRISB 000F93  
                  main@j 000B                    status 000FD8          __initialization 2F18  
           __end_of_main 3000                   ??_main 0001            __activetblptr 000000  
                 _ADCON1 000FC1               __accesstop 0060  __end_of__initialization 2F1C  
          ___rparam_used 000001           __pcstackCOMRAM 0001     __size_of_init_config 0012  
                __Hparam 0000                  __Lparam 0000                  __pcinit 2F18  
                __ramtop 0600                  __ptext0 2F34                  __ptext1 2F22  
   end_of_initialization 2F1C      start_initialization 2F18            ??_init_config 0001  
            __pbssCOMRAM 000D      __end_of_init_config 2F34                main@mask1 0005  
              main@mask2 0007                main@mask3 0009                 __Hrparam 0000  
               __Lrparam 0000              _init_config 2F22            __size_of_main 00CC  
               main@mask 0003  
