

Microchip Technology PIC18 LITE Macro Assembler V1.36 build -262312587 
                                                                                               Sat Aug 31 05:26:45 2019

Microchip Technology Omniscient Code Generator v1.36 (Free mode) build 201601150325
     1                           	processor	18F4580
     2                           	fnconf	rparam,??,?,0
     3                           	opt	pw 120
     4                           	opt	lm
     5                           	psect	idataCOMRAM,global,class=CODE,delta=1
     6                           	psect	cinit,global,reloc=2,class=CODE,delta=1
     7                           	psect	bssCOMRAM,global,class=COMRAM,space=1,delta=1
     8                           	psect	dataCOMRAM,global,class=COMRAM,space=1,delta=1
     9                           	psect	cstackCOMRAM,global,class=COMRAM,space=1,delta=1
    10                           	psect	text0,global,reloc=2,class=CODE,delta=1
    11                           	psect	text1,global,reloc=2,class=CODE,delta=1
    12                           	psect	text2,global,reloc=2,class=CODE,delta=1
    13                           	psect	text3,global,reloc=2,class=CODE,delta=1
    14                           	psect	intsave_regs,global,class=BIGRAM,space=1,delta=1
    15                           	psect	rparam,global,class=COMRAM,space=1,delta=1
    16  0000                     
    17                           	psect	idataCOMRAM
    18  002E9A                     __pidataCOMRAM:
    19                           	opt stack 0
    20                           
    21                           ;initializer for _num
    22  002E9A  E7                 	db	231
    23  002E9B  21                 	db	33
    24  002E9C  CB                 	db	203
    25  002E9D  6B                 	db	107
    26  002E9E  2D                 	db	45
    27  002E9F  6E                 	db	110
    28  002EA0  EE                 	db	238
    29  002EA1  23                 	db	35
    30  002EA2  EF                 	db	239
    31  002EA3  6F                 	db	111
    32                           
    33                           ;initializer for main@inc
    34  002EA4  0009               	dw	9
    35                           
    36                           ;initializer for main@inc2
    37  002EA6  0009               	dw	9
    38                           
    39                           ;initializer for main@inc3
    40  002EA8  0009               	dw	9
    41                           
    42                           ;initializer for main@inc4
    43  002EAA  0009               	dw	9
    44  0000                     _PORTA	set	3968
    45  0000                     _PORTD	set	3971
    46  0000                     _TRISA	set	3986
    47  0000                     _TRISD	set	3989
    48                           
    49                           ; #config settings
    50                           
    51                           	psect	cinit
    52  002EAC                     __pcinit:
    53                           	opt stack 0
    54  002EAC                     start_initialization:
    55                           	opt stack 0
    56  002EAC                     __initialization:
    57                           	opt stack 0
    58                           
    59                           ; Clear objects allocated to COMRAM (4 bytes)
    60  002EAC  6A23               	clrf	(__pbssCOMRAM+3)& (0+255),c
    61  002EAE  6A22               	clrf	(__pbssCOMRAM+2)& (0+255),c
    62  002EB0  6A21               	clrf	(__pbssCOMRAM+1)& (0+255),c
    63  002EB2  6A20               	clrf	__pbssCOMRAM& (0+255),c
    64                           
    65                           ; Initialize objects allocated to COMRAM (18 bytes)
    66                           ; load TBLPTR registers with __pidataCOMRAM
    67  002EB4  0E9A               	movlw	low __pidataCOMRAM
    68  002EB6  6EF6               	movwf	tblptrl,c
    69  002EB8  0E2E               	movlw	high __pidataCOMRAM
    70  002EBA  6EF7               	movwf	tblptrh,c
    71  002EBC  0E00               	movlw	low (__pidataCOMRAM shr (0+16))
    72  002EBE  6EF8               	movwf	tblptru,c
    73  002EC0  EE00  F001         	lfsr	0,__pdataCOMRAM
    74  002EC4  EE10 F012          	lfsr	1,18
    75  002EC8                     copy_data0:
    76  002EC8  0009               	tblrd		*+
    77  002ECA  CFF5 FFEE          	movff	tablat,postinc0
    78  002ECE  50E5               	movf	postdec1,w,c
    79  002ED0  50E1               	movf	fsr1l,w,c
    80  002ED2  E1FA               	bnz	copy_data0
    81  002ED4                     end_of_initialization:
    82                           	opt stack 0
    83  002ED4                     __end_of__initialization:
    84                           	opt stack 0
    85  002ED4  0100               	movlb	0
    86  002ED6  EFA7  F017         	goto	_main	;jump to C main() function
    87                           tblptru	equ	0xFF8
    88                           tblptrh	equ	0xFF7
    89                           tblptrl	equ	0xFF6
    90                           tablat	equ	0xFF5
    91                           postinc0	equ	0xFEE
    92                           postdec1	equ	0xFE5
    93                           fsr1l	equ	0xFE1
    94                           
    95                           	psect	bssCOMRAM
    96  000020                     __pbssCOMRAM:
    97                           	opt stack 0
    98  000020                     _ssd:
    99                           	opt stack 0
   100  000020                     	ds	4
   101                           tblptru	equ	0xFF8
   102                           tblptrh	equ	0xFF7
   103                           tblptrl	equ	0xFF6
   104                           tablat	equ	0xFF5
   105                           postinc0	equ	0xFEE
   106                           postdec1	equ	0xFE5
   107                           fsr1l	equ	0xFE1
   108                           
   109                           	psect	dataCOMRAM
   110  000001                     __pdataCOMRAM:
   111                           	opt stack 0
   112  000001                     _num:
   113                           	opt stack 0
   114  000001                     	ds	10
   115  00000B                     main@inc:
   116                           	opt stack 0
   117  00000B                     	ds	2
   118  00000D                     main@inc2:
   119                           	opt stack 0
   120  00000D                     	ds	2
   121  00000F                     main@inc3:
   122                           	opt stack 0
   123  00000F                     	ds	2
   124  000011                     main@inc4:
   125                           	opt stack 0
   126  000011                     	ds	2
   127                           tblptru	equ	0xFF8
   128                           tblptrh	equ	0xFF7
   129                           tblptrl	equ	0xFF6
   130                           tablat	equ	0xFF5
   131                           postinc0	equ	0xFEE
   132                           postdec1	equ	0xFE5
   133                           fsr1l	equ	0xFE1
   134                           
   135                           	psect	cstackCOMRAM
   136  000013                     __pcstackCOMRAM:
   137                           	opt stack 0
   138  000013                     display@data:
   139                           	opt stack 0
   140                           
   141                           ; 2 bytes @ 0x0
   142  000013                     	ds	2
   143  000015                     ??_display:
   144                           
   145                           ; 1 bytes @ 0x2
   146  000015                     	ds	2
   147  000017                     display@wait:
   148                           	opt stack 0
   149                           
   150                           ; 2 bytes @ 0x4
   151  000017                     	ds	2
   152  000019                     display@wait1:
   153                           	opt stack 0
   154                           
   155                           ; 2 bytes @ 0x6
   156  000019                     	ds	2
   157  00001B                     display@digit:
   158                           	opt stack 0
   159                           
   160                           ; 1 bytes @ 0x8
   161  00001B                     	ds	1
   162  00001C                     main@wait:
   163                           	opt stack 0
   164                           
   165                           ; 2 bytes @ 0x9
   166  00001C                     	ds	2
   167  00001E                     main@wait2:
   168                           	opt stack 0
   169                           
   170                           ; 2 bytes @ 0xB
   171  00001E                     	ds	2
   172                           tblptru	equ	0xFF8
   173                           tblptrh	equ	0xFF7
   174                           tblptrl	equ	0xFF6
   175                           tablat	equ	0xFF5
   176                           postinc0	equ	0xFEE
   177                           postdec1	equ	0xFE5
   178                           fsr1l	equ	0xFE1
   179                           
   180 ;;
   181 ;;Main: autosize = 0, tempsize = 0, incstack = 0, save=0
   182 ;;
   183 ;; *************** function _main *****************
   184 ;; Defined at:
   185 ;;		line 12 in file "main.c"
   186 ;; Parameters:    Size  Location     Type
   187 ;;		None
   188 ;; Auto vars:     Size  Location     Type
   189 ;;  wait2           2   11[COMRAM] unsigned int 
   190 ;;  wait            2    9[COMRAM] unsigned int 
   191 ;; Return value:  Size  Location     Type
   192 ;;                  1    wreg      void 
   193 ;; Registers used:
   194 ;;		wreg, fsr2l, fsr2h, status,2, status,0, prodl, prodh, cstack
   195 ;; Tracked objects:
   196 ;;		On entry : 0/0
   197 ;;		On exit  : 0/0
   198 ;;		Unchanged: 0/0
   199 ;; Data sizes:     COMRAM   BANK0   BANK1   BANK2   BANK3   BANK4   BANK5
   200 ;;      Params:         0       0       0       0       0       0       0
   201 ;;      Locals:         4       0       0       0       0       0       0
   202 ;;      Temps:          0       0       0       0       0       0       0
   203 ;;      Totals:         4       0       0       0       0       0       0
   204 ;;Total ram usage:        4 bytes
   205 ;; Hardware stack levels required when called:    2
   206 ;; This function calls:
   207 ;;		_display
   208 ;;		_init_config
   209 ;; This function is called by:
   210 ;;		Startup code after reset
   211 ;; This function uses a non-reentrant model
   212 ;;
   213                           
   214                           	psect	text0
   215  002F4E                     __ptext0:
   216                           	opt stack 0
   217  002F4E                     _main:
   218                           	opt stack 29
   219                           
   220                           ;main.c: 14: init_config();
   221                           
   222                           ;incstack = 0
   223  002F4E  EC41  F017         	call	_init_config	;wreg free
   224                           
   225                           ;main.c: 15: unsigned int wait = 0, wait2 = 0;
   226  002F52  0E00               	movlw	0
   227  002F54  6E1D               	movwf	main@wait+1,c
   228  002F56  0E00               	movlw	0
   229  002F58  6E1C               	movwf	main@wait,c
   230  002F5A  0E00               	movlw	0
   231  002F5C  6E1F               	movwf	main@wait2+1,c
   232  002F5E  0E00               	movlw	0
   233  002F60  6E1E               	movwf	main@wait2,c
   234  002F62                     l772:
   235                           
   236                           ;main.c: 19: {
   237                           ;main.c: 22: ssd[3] = num[inc4];
   238  002F62  0E01               	movlw	low _num
   239  002F64  2411               	addwf	main@inc4,w,c
   240  002F66  6ED9               	movwf	fsr2l,c
   241  002F68  0E00               	movlw	high _num
   242  002F6A  2012               	addwfc	main@inc4+1,w,c
   243  002F6C  6EDA               	movwf	fsr2h,c
   244  002F6E  50DF               	movf	indf2,w,c
   245  002F70  6E23               	movwf	_ssd+3,c
   246                           
   247                           ;main.c: 23: ssd[2] = num[inc3];
   248  002F72  0E01               	movlw	low _num
   249  002F74  240F               	addwf	main@inc3,w,c
   250  002F76  6ED9               	movwf	fsr2l,c
   251  002F78  0E00               	movlw	high _num
   252  002F7A  2010               	addwfc	main@inc3+1,w,c
   253  002F7C  6EDA               	movwf	fsr2h,c
   254  002F7E  50DF               	movf	indf2,w,c
   255  002F80  6E22               	movwf	_ssd+2,c
   256                           
   257                           ;main.c: 24: ssd[1] = num[inc2];
   258  002F82  0E01               	movlw	low _num
   259  002F84  240D               	addwf	main@inc2,w,c
   260  002F86  6ED9               	movwf	fsr2l,c
   261  002F88  0E00               	movlw	high _num
   262  002F8A  200E               	addwfc	main@inc2+1,w,c
   263  002F8C  6EDA               	movwf	fsr2h,c
   264  002F8E  50DF               	movf	indf2,w,c
   265  002F90  6E21               	movwf	_ssd+1,c
   266                           
   267                           ;main.c: 25: ssd[0] = num[inc];
   268  002F92  0E01               	movlw	low _num
   269  002F94  240B               	addwf	main@inc,w,c
   270  002F96  6ED9               	movwf	fsr2l,c
   271  002F98  0E00               	movlw	high _num
   272  002F9A  200C               	addwfc	main@inc+1,w,c
   273  002F9C  6EDA               	movwf	fsr2h,c
   274  002F9E  50DF               	movf	indf2,w,c
   275  002FA0  6E20               	movwf	_ssd,c
   276                           
   277                           ;main.c: 27: display(ssd);
   278  002FA2  0E20               	movlw	low _ssd
   279  002FA4  6E13               	movwf	display@data,c
   280  002FA6  0E00               	movlw	high _ssd
   281  002FA8  6E14               	movwf	display@data+1,c
   282  002FAA  EC6D  F017         	call	_display	;wreg free
   283                           
   284                           ;main.c: 67: if(inc4 != 0)
   285  002FAE  5011               	movf	main@inc4,w,c
   286  002FB0  1012               	iorwf	main@inc4+1,w,c
   287  002FB2  B4D8               	btfsc	status,2,c
   288  002FB4  D7D6               	goto	l772
   289                           
   290                           ;main.c: 68: {
   291                           ;main.c: 69: inc4--;
   292  002FB6  0611               	decf	main@inc4,f,c
   293  002FB8  A0D8               	btfss	status,0,c
   294  002FBA  0612               	decf	main@inc4+1,f,c
   295                           
   296                           ;main.c: 70: if (inc4 == 0)
   297  002FBC  5011               	movf	main@inc4,w,c
   298  002FBE  1012               	iorwf	main@inc4+1,w,c
   299  002FC0  A4D8               	btfss	status,2,c
   300  002FC2  D7CF               	goto	l772
   301                           
   302                           ;main.c: 71: {
   303                           ;main.c: 72: inc3--;
   304  002FC4  060F               	decf	main@inc3,f,c
   305  002FC6  A0D8               	btfss	status,0,c
   306  002FC8  0610               	decf	main@inc3+1,f,c
   307                           
   308                           ;main.c: 73: inc4 = 9;
   309  002FCA  0E00               	movlw	0
   310  002FCC  6E12               	movwf	main@inc4+1,c
   311  002FCE  0E09               	movlw	9
   312  002FD0  6E11               	movwf	main@inc4,c
   313                           
   314                           ;main.c: 74: if (inc3 == 0)
   315  002FD2  500F               	movf	main@inc3,w,c
   316  002FD4  1010               	iorwf	main@inc3+1,w,c
   317  002FD6  A4D8               	btfss	status,2,c
   318  002FD8  D7C4               	goto	l772
   319                           
   320                           ;main.c: 75: {
   321                           ;main.c: 76: inc2--;
   322  002FDA  060D               	decf	main@inc2,f,c
   323  002FDC  A0D8               	btfss	status,0,c
   324  002FDE  060E               	decf	main@inc2+1,f,c
   325                           
   326                           ;main.c: 77: inc3 = 9;
   327  002FE0  0E00               	movlw	0
   328  002FE2  6E10               	movwf	main@inc3+1,c
   329  002FE4  0E09               	movlw	9
   330  002FE6  6E0F               	movwf	main@inc3,c
   331                           
   332                           ;main.c: 78: if(inc2 == 0)
   333  002FE8  500D               	movf	main@inc2,w,c
   334  002FEA  100E               	iorwf	main@inc2+1,w,c
   335  002FEC  A4D8               	btfss	status,2,c
   336  002FEE  D7B9               	goto	l772
   337                           
   338                           ;main.c: 79: {
   339                           ;main.c: 80: inc--;
   340  002FF0  060B               	decf	main@inc,f,c
   341  002FF2  A0D8               	btfss	status,0,c
   342  002FF4  060C               	decf	main@inc+1,f,c
   343                           
   344                           ;main.c: 81: inc2 = 9;
   345  002FF6  0E00               	movlw	0
   346  002FF8  6E0E               	movwf	main@inc2+1,c
   347  002FFA  0E09               	movlw	9
   348  002FFC  6E0D               	movwf	main@inc2,c
   349  002FFE  D7B1               	goto	l772
   350  003000                     __end_of_main:
   351                           	opt stack 0
   352                           tblptru	equ	0xFF8
   353                           tblptrh	equ	0xFF7
   354                           tblptrl	equ	0xFF6
   355                           tablat	equ	0xFF5
   356                           postinc0	equ	0xFEE
   357                           postdec1	equ	0xFE5
   358                           fsr1l	equ	0xFE1
   359                           indf2	equ	0xFDF
   360                           fsr2h	equ	0xFDA
   361                           fsr2l	equ	0xFD9
   362                           status	equ	0xFD8
   363                           
   364 ;; *************** function _init_config *****************
   365 ;; Defined at:
   366 ;;		line 7 in file "main.c"
   367 ;; Parameters:    Size  Location     Type
   368 ;;		None
   369 ;; Auto vars:     Size  Location     Type
   370 ;;		None
   371 ;; Return value:  Size  Location     Type
   372 ;;                  1    wreg      void 
   373 ;; Registers used:
   374 ;;		wreg, status,2, status,0, cstack
   375 ;; Tracked objects:
   376 ;;		On entry : 0/0
   377 ;;		On exit  : 0/0
   378 ;;		Unchanged: 0/0
   379 ;; Data sizes:     COMRAM   BANK0   BANK1   BANK2   BANK3   BANK4   BANK5
   380 ;;      Params:         0       0       0       0       0       0       0
   381 ;;      Locals:         0       0       0       0       0       0       0
   382 ;;      Temps:          0       0       0       0       0       0       0
   383 ;;      Totals:         0       0       0       0       0       0       0
   384 ;;Total ram usage:        0 bytes
   385 ;; Hardware stack levels used:    1
   386 ;; Hardware stack levels required when called:    1
   387 ;; This function calls:
   388 ;;		_init_ssd_control
   389 ;; This function is called by:
   390 ;;		_main
   391 ;; This function uses a non-reentrant model
   392 ;;
   393                           
   394                           	psect	text1
   395  002E82                     __ptext1:
   396                           	opt stack 0
   397  002E82                     _init_config:
   398                           	opt stack 29
   399                           
   400                           ;main.c: 9: init_ssd_control();
   401                           
   402                           ;incstack = 0
   403  002E82  EC44  F017         	call	_init_ssd_control	;wreg free
   404  002E86  0012               	return		;funcret
   405  002E88                     __end_of_init_config:
   406                           	opt stack 0
   407                           tblptru	equ	0xFF8
   408                           tblptrh	equ	0xFF7
   409                           tblptrl	equ	0xFF6
   410                           tablat	equ	0xFF5
   411                           postinc0	equ	0xFEE
   412                           postdec1	equ	0xFE5
   413                           fsr1l	equ	0xFE1
   414                           indf2	equ	0xFDF
   415                           fsr2h	equ	0xFDA
   416                           fsr2l	equ	0xFD9
   417                           status	equ	0xFD8
   418                           
   419 ;; *************** function _init_ssd_control *****************
   420 ;; Defined at:
   421 ;;		line 5 in file "ssd_display.c"
   422 ;; Parameters:    Size  Location     Type
   423 ;;		None
   424 ;; Auto vars:     Size  Location     Type
   425 ;;		None
   426 ;; Return value:  Size  Location     Type
   427 ;;                  1    wreg      void 
   428 ;; Registers used:
   429 ;;		wreg, status,2, status,0
   430 ;; Tracked objects:
   431 ;;		On entry : 0/0
   432 ;;		On exit  : 0/0
   433 ;;		Unchanged: 0/0
   434 ;; Data sizes:     COMRAM   BANK0   BANK1   BANK2   BANK3   BANK4   BANK5
   435 ;;      Params:         0       0       0       0       0       0       0
   436 ;;      Locals:         0       0       0       0       0       0       0
   437 ;;      Temps:          0       0       0       0       0       0       0
   438 ;;      Totals:         0       0       0       0       0       0       0
   439 ;;Total ram usage:        0 bytes
   440 ;; Hardware stack levels used:    1
   441 ;; This function calls:
   442 ;;		Nothing
   443 ;; This function is called by:
   444 ;;		_init_config
   445 ;; This function uses a non-reentrant model
   446 ;;
   447                           
   448                           	psect	text2
   449  002E88                     __ptext2:
   450                           	opt stack 0
   451  002E88                     _init_ssd_control:
   452                           	opt stack 29
   453                           
   454                           ;ssd_display.c: 8: TRISD = 0x00;
   455                           
   456                           ;incstack = 0
   457  002E88  0E00               	movlw	0
   458  002E8A  6E95               	movwf	3989,c	;volatile
   459                           
   460                           ;ssd_display.c: 10: TRISA = TRISA & 0xF0;
   461  002E8C  5092               	movf	3986,w,c	;volatile
   462  002E8E  0BF0               	andlw	240
   463  002E90  6E92               	movwf	3986,c	;volatile
   464                           
   465                           ;ssd_display.c: 13: PORTA = PORTA & 0xF0;
   466  002E92  5080               	movf	3968,w,c	;volatile
   467  002E94  0BF0               	andlw	240
   468  002E96  6E80               	movwf	3968,c	;volatile
   469  002E98  0012               	return		;funcret
   470  002E9A                     __end_of_init_ssd_control:
   471                           	opt stack 0
   472                           tblptru	equ	0xFF8
   473                           tblptrh	equ	0xFF7
   474                           tblptrl	equ	0xFF6
   475                           tablat	equ	0xFF5
   476                           postinc0	equ	0xFEE
   477                           postdec1	equ	0xFE5
   478                           fsr1l	equ	0xFE1
   479                           indf2	equ	0xFDF
   480                           fsr2h	equ	0xFDA
   481                           fsr2l	equ	0xFD9
   482                           status	equ	0xFD8
   483                           
   484 ;; *************** function _display *****************
   485 ;; Defined at:
   486 ;;		line 17 in file "ssd_display.c"
   487 ;; Parameters:    Size  Location     Type
   488 ;;  data            2    0[COMRAM] PTR unsigned char 
   489 ;;		 -> ssd(4), 
   490 ;; Auto vars:     Size  Location     Type
   491 ;;  wait1           2    6[COMRAM] unsigned int 
   492 ;;  wait            2    4[COMRAM] unsigned int 
   493 ;;  digit           1    8[COMRAM] unsigned char 
   494 ;;  data_bit        1    0        unsigned char 
   495 ;; Return value:  Size  Location     Type
   496 ;;                  1    wreg      void 
   497 ;; Registers used:
   498 ;;		wreg, fsr2l, fsr2h, status,2, status,0, prodl, prodh
   499 ;; Tracked objects:
   500 ;;		On entry : 0/0
   501 ;;		On exit  : 0/0
   502 ;;		Unchanged: 0/0
   503 ;; Data sizes:     COMRAM   BANK0   BANK1   BANK2   BANK3   BANK4   BANK5
   504 ;;      Params:         2       0       0       0       0       0       0
   505 ;;      Locals:         5       0       0       0       0       0       0
   506 ;;      Temps:          2       0       0       0       0       0       0
   507 ;;      Totals:         9       0       0       0       0       0       0
   508 ;;Total ram usage:        9 bytes
   509 ;; Hardware stack levels used:    1
   510 ;; This function calls:
   511 ;;		Nothing
   512 ;; This function is called by:
   513 ;;		_main
   514 ;; This function uses a non-reentrant model
   515 ;;
   516                           
   517                           	psect	text3
   518  002EDA                     __ptext3:
   519                           	opt stack 0
   520  002EDA                     _display:
   521                           	opt stack 30
   522                           
   523                           ;ssd_display.c: 19: unsigned int wait,wait1;
   524                           ;ssd_display.c: 20: unsigned char data_bit;
   525                           ;ssd_display.c: 21: unsigned char digit;
   526                           ;ssd_display.c: 23: for(wait1 =0; wait1 < 50; wait1++)
   527                           
   528                           ;incstack = 0
   529  002EDA  0E00               	movlw	0
   530  002EDC  6E1A               	movwf	display@wait1+1,c
   531  002EDE  0E00               	movlw	0
   532  002EE0  6E19               	movwf	display@wait1,c
   533  002EE2                     l740:
   534  002EE2  501A               	movf	display@wait1+1,w,c
   535  002EE4  E133               	bnz	l50
   536  002EE6  0E32               	movlw	50
   537  002EE8  5C19               	subwf	display@wait1,w,c
   538  002EEA  B0D8               	btfsc	status,0,c
   539  002EEC  0012               	return	
   540                           
   541                           ;ssd_display.c: 24: {
   542                           ;ssd_display.c: 25: for (digit = 0; digit < 4; digit++)
   543  002EEE  0E00               	movlw	0
   544  002EF0  6E1B               	movwf	display@digit,c
   545  002EF2                     l746:
   546  002EF2  0E03               	movlw	3
   547  002EF4  641B               	cpfsgt	display@digit,c
   548  002EF6  D001               	goto	l750
   549  002EF8  D026               	goto	l762
   550  002EFA                     l750:
   551                           
   552                           ;ssd_display.c: 26: {
   553                           ;ssd_display.c: 27: PORTD = data[digit];
   554  002EFA  501B               	movf	display@digit,w,c
   555  002EFC  0D01               	mullw	1
   556  002EFE  50F3               	movf	prodl,w,c
   557  002F00  2413               	addwf	display@data,w,c
   558  002F02  6ED9               	movwf	fsr2l,c
   559  002F04  50F4               	movf	prodh,w,c
   560  002F06  2014               	addwfc	display@data+1,w,c
   561  002F08  6EDA               	movwf	fsr2h,c
   562  002F0A  50DF               	movf	indf2,w,c
   563  002F0C  6E83               	movwf	3971,c	;volatile
   564                           
   565                           ;ssd_display.c: 28: PORTA = (PORTA & 0xF0) | (0x01) << digit;
   566  002F0E  C01B  F015         	movff	display@digit,??_display
   567  002F12  0E01               	movlw	1
   568  002F14  6E16               	movwf	(??_display+1)& (0+255),c
   569  002F16  2A15               	incf	??_display,f,c
   570  002F18  D002               	goto	u134
   571  002F1A                     u135:
   572  002F1A  90D8               	bcf	status,0,c
   573  002F1C  3616               	rlcf	??_display+1,f,c
   574  002F1E                     u134:
   575  002F1E  2E15               	decfsz	??_display,f,c
   576  002F20  D7FC               	goto	u135
   577  002F22  5080               	movf	3968,w,c	;volatile
   578  002F24  0BF0               	andlw	240
   579  002F26  1016               	iorwf	??_display+1,w,c
   580  002F28  6E80               	movwf	3968,c	;volatile
   581                           
   582                           ;ssd_display.c: 29: for (wait = 1000; wait--; );
   583  002F2A  0E03               	movlw	3
   584  002F2C  6E18               	movwf	display@wait+1,c
   585  002F2E  0EE8               	movlw	232
   586  002F30  6E17               	movwf	display@wait,c
   587  002F32                     l756:
   588  002F32  0617               	decf	display@wait,f,c
   589  002F34  A0D8               	btfss	status,0,c
   590  002F36  0618               	decf	display@wait+1,f,c
   591  002F38  2817               	incf	display@wait,w,c
   592  002F3A  E1FB               	bnz	l756
   593  002F3C  2818               	incf	display@wait+1,w,c
   594  002F3E  A4D8               	btfss	status,2,c
   595  002F40  D7F8               	goto	l756
   596  002F42  2A1B               	incf	display@digit,f,c
   597  002F44  D7D6               	goto	l746
   598  002F46                     l762:
   599  002F46  4A19               	infsnz	display@wait1,f,c
   600  002F48  2A1A               	incf	display@wait1+1,f,c
   601  002F4A  D7CB               	goto	l740
   602  002F4C                     l50:
   603  002F4C  0012               	return		;funcret
   604  002F4E                     __end_of_display:
   605                           	opt stack 0
   606  0000                     tblptru	equ	0xFF8
   607                           tblptrh	equ	0xFF7
   608                           tblptrl	equ	0xFF6
   609                           tablat	equ	0xFF5
   610                           prodh	equ	0xFF4
   611                           prodl	equ	0xFF3
   612                           postinc0	equ	0xFEE
   613                           postdec1	equ	0xFE5
   614                           fsr1l	equ	0xFE1
   615                           indf2	equ	0xFDF
   616                           fsr2h	equ	0xFDA
   617                           fsr2l	equ	0xFD9
   618                           status	equ	0xFD8
   619                           tblptru	equ	0xFF8
   620                           tblptrh	equ	0xFF7
   621                           tblptrl	equ	0xFF6
   622                           tablat	equ	0xFF5
   623                           prodh	equ	0xFF4
   624                           prodl	equ	0xFF3
   625                           postinc0	equ	0xFEE
   626                           postdec1	equ	0xFE5
   627                           fsr1l	equ	0xFE1
   628                           indf2	equ	0xFDF
   629                           fsr2h	equ	0xFDA
   630                           fsr2l	equ	0xFD9
   631                           status	equ	0xFD8
   632                           
   633                           	psect	rparam
   634  0000                     tblptru	equ	0xFF8
   635                           tblptrh	equ	0xFF7
   636                           tblptrl	equ	0xFF6
   637                           tablat	equ	0xFF5
   638                           prodh	equ	0xFF4
   639                           prodl	equ	0xFF3
   640                           postinc0	equ	0xFEE
   641                           postdec1	equ	0xFE5
   642                           fsr1l	equ	0xFE1
   643                           indf2	equ	0xFDF
   644                           fsr2h	equ	0xFDA
   645                           fsr2l	equ	0xFD9
   646                           status	equ	0xFD8


Data Sizes:
    Strings     0
    Constant    0
    Data        18
    BSS         4
    Persistent  0
    Stack       0

Auto Spaces:
    Space          Size  Autos    Used
    COMRAM           95     13      35
    BANK0           160      0       0
    BANK1           256      0       0
    BANK2           256      0       0
    BANK3           256      0       0
    BANK4           256      0       0
    BANK5           256      0       0

Pointer List with Targets:

    display@data	PTR unsigned char  size(2) Largest target is 4
		 -> ssd(COMRAM[4]), 


Critical Paths under _main in COMRAM

    _main->_display

Critical Paths under _main in BANK0

    None.

Critical Paths under _main in BANK1

    None.

Critical Paths under _main in BANK2

    None.

Critical Paths under _main in BANK3

    None.

Critical Paths under _main in BANK4

    None.

Critical Paths under _main in BANK5

    None.

Call Graph Tables:

 ---------------------------------------------------------------------------------
 (Depth) Function   	        Calls       Base Space   Used Autos Params    Refs
 ---------------------------------------------------------------------------------
 (0) _main                                                 4     4      0     247
                                              9 COMRAM     4     4      0
                            _display
                        _init_config
 ---------------------------------------------------------------------------------
 (1) _init_config                                          0     0      0       0
                   _init_ssd_control
 ---------------------------------------------------------------------------------
 (2) _init_ssd_control                                     0     0      0       0
 ---------------------------------------------------------------------------------
 (1) _display                                             10     8      2     245
                                              0 COMRAM     9     7      2
 ---------------------------------------------------------------------------------
 Estimated maximum stack depth 2
 ---------------------------------------------------------------------------------

 Call Graph Graphs:

 _main (ROOT)
   _display
   _init_config
     _init_ssd_control

 Address spaces:
Name               Size   Autos  Total    Cost      Usage
BIGRAM             5FF      0       0      16        0.0%
EEDATA             100      0       0       0        0.0%
BITBANK5           100      0       0      14        0.0%
BANK5              100      0       0      15        0.0%
BITBANK4           100      0       0      12        0.0%
BANK4              100      0       0      13        0.0%
BITBANK3           100      0       0      10        0.0%
BANK3              100      0       0      11        0.0%
BITBANK2           100      0       0       8        0.0%
BANK2              100      0       0       9        0.0%
BITBANK1           100      0       0       6        0.0%
BANK1              100      0       0       7        0.0%
BITBANK0            A0      0       0       4        0.0%
BANK0               A0      0       0       5        0.0%
BITCOMRAM           5F      0       0       0        0.0%
COMRAM              5F      D      23       1       36.8%
BITSFR_3             0      0       0      40        0.0%
SFR_3                0      0       0      40        0.0%
BITSFR_2             0      0       0      40        0.0%
SFR_2                0      0       0      40        0.0%
BITSFR_1             0      0       0      40        0.0%
SFR_1                0      0       0      40        0.0%
BITSFR               0      0       0      40        0.0%
SFR                  0      0       0      40        0.0%
STACK                0      0       0       2        0.0%
NULL                 0      0       0       0        0.0%
ABS                  0      0      23       3        0.0%
DATA                 0      0      23      17        0.0%
CODE                 0      0       0       0        0.0%


Microchip Technology PIC18 Macro Assembler V1.36 build -262312587 
Symbol Table                                                                                   Sat Aug 31 05:26:45 2019

                       l50 2F4C                        l740 2EE2                        l750 2EFA  
                      l762 2F46                        l746 2EF2                        l756 2F32  
                      l772 2F62                        u134 2F1E                        u135 2F1A  
                      _num 0001                        _ssd 0020                display@data 0013  
              display@wait 0017                       _main 2F4E                       fsr1l 000FE1  
                     indf2 000FDF                       fsr2l 000FD9                       prodh 000FF4  
                     prodl 000FF3                       start 0000               ___param_bank 000010  
                    ?_main 0013               ?_init_config 0013                      _PORTA 000F80  
                    _PORTD 000F83                      _TRISA 000F92                      _TRISD 000F95  
             display@digit 001B            __end_of_display 2F4E               display@wait1 0019  
                    tablat 000FF5                      status 000FD8            __initialization 2EAC  
             __end_of_main 3000          ?_init_ssd_control 0013                     ??_main 001C  
            __activetblptr 000000         ??_init_ssd_control 0013                  ??_display 0015  
             __pdataCOMRAM 0001                     tblptrh 000FF7                     tblptrl 000FF6  
                   tblptru 000FF8                 __accesstop 0060    __end_of__initialization 2ED4  
            ___rparam_used 000001             __pcstackCOMRAM 0013       __size_of_init_config 0006  
                  __Hparam 0000                    __Lparam 0000                    __pcinit 2EAC  
                  __ramtop 0600                    __ptext0 2F4E                    __ptext1 2E82  
                  __ptext2 2E88                    __ptext3 2EDA                    _display 2EDA  
                  main@inc 000B       end_of_initialization 2ED4  __size_of_init_ssd_control 0012  
                  postdec1 000FE5                    postinc0 000FEE              __pidataCOMRAM 2E9A  
      start_initialization 2EAC              ??_init_config 0013                __pbssCOMRAM 0020  
         _init_ssd_control 2E88                   ?_display 0013        __end_of_init_config 2E88  
                main@wait2 001E                  copy_data0 2EC8                   __Hrparam 0000  
                 __Lrparam 0000                _init_config 2E82           __size_of_display 0074  
            __size_of_main 00B2   __end_of_init_ssd_control 2E9A                   main@inc2 000D  
                 main@inc3 000F                   main@inc4 0011                   main@wait 001C  
