

Microchip Technology PIC18 LITE Macro Assembler V1.36 build -262312587 
                                                                                               Mon Aug 26 05:28:31 2019

Microchip Technology Omniscient Code Generator v1.36 (Free mode) build 201601150325
     1                           	processor	18F4580
     2                           	fnconf	rparam,??,?,0
     3                           	opt	pw 120
     4                           	opt	lm
     5                           	psect	nvCOMRAM,global,class=COMRAM,space=1,delta=1
     6                           	psect	cinit,global,reloc=2,class=CODE,delta=1
     7                           	psect	cstackCOMRAM,global,class=COMRAM,space=1,delta=1
     8                           	psect	text0,global,reloc=2,class=CODE,delta=1
     9                           	psect	text1,global,reloc=2,class=CODE,delta=1
    10                           	psect	intsave_regs,global,class=BIGRAM,space=1,delta=1
    11                           	psect	rparam,global,class=COMRAM,space=1,delta=1
    12  0000                     
    13                           	psect	nvCOMRAM
    14  000001                     __pnvCOMRAM:
    15                           	opt stack 0
    16  000001                     _i:
    17                           	opt stack 0
    18  000001                     	ds	2
    19  0000                     _ADCON1	set	4033
    20  0000                     _LATB	set	3978
    21  0000                     _PORTB	set	3969
    22  0000                     _TRISB	set	3987
    23                           
    24                           ; #config settings
    25                           
    26                           	psect	cinit
    27  002F04                     __pcinit:
    28                           	opt stack 0
    29  002F04                     start_initialization:
    30                           	opt stack 0
    31  002F04                     __initialization:
    32                           	opt stack 0
    33  002F04                     end_of_initialization:
    34                           	opt stack 0
    35  002F04                     __end_of__initialization:
    36                           	opt stack 0
    37  002F04  0100               	movlb	0
    38  002F06  EF8E  F017         	goto	_main	;jump to C main() function
    39                           
    40                           	psect	cstackCOMRAM
    41  000000                     __pcstackCOMRAM:
    42                           	opt stack 0
    43  000000                     
    44                           ; 1 bytes @ 0x0
    45 ;;
    46 ;;Main: autosize = 0, tempsize = 0, incstack = 0, save=0
    47 ;;
    48 ;; *************** function _main *****************
    49 ;; Defined at:
    50 ;;		line 16 in file "main.c"
    51 ;; Parameters:    Size  Location     Type
    52 ;;		None
    53 ;; Auto vars:     Size  Location     Type
    54 ;;		None
    55 ;; Return value:  Size  Location     Type
    56 ;;                  1    wreg      void 
    57 ;; Registers used:
    58 ;;		wreg, status,2, status,0, cstack
    59 ;; Tracked objects:
    60 ;;		On entry : 0/0
    61 ;;		On exit  : 0/0
    62 ;;		Unchanged: 0/0
    63 ;; Data sizes:     COMRAM   BANK0   BANK1   BANK2   BANK3   BANK4   BANK5
    64 ;;      Params:         0       0       0       0       0       0       0
    65 ;;      Locals:         0       0       0       0       0       0       0
    66 ;;      Temps:          0       0       0       0       0       0       0
    67 ;;      Totals:         0       0       0       0       0       0       0
    68 ;;Total ram usage:        0 bytes
    69 ;; Hardware stack levels required when called:    1
    70 ;; This function calls:
    71 ;;		_init_config
    72 ;; This function is called by:
    73 ;;		Startup code after reset
    74 ;; This function uses a non-reentrant model
    75 ;;
    76                           
    77                           	psect	text0
    78  002F1C                     __ptext0:
    79                           	opt stack 0
    80  002F1C                     _main:
    81                           	opt stack 30
    82                           
    83                           ;main.c: 18: init_config();
    84                           
    85                           ;incstack = 0
    86  002F1C  EC85  F017         	call	_init_config	;wreg free
    87  002F20                     l648:
    88                           
    89                           ;main.c: 20: {
    90                           ;main.c: 22: PORTB = 0xFF;
    91  002F20  6881               	setf	3969,c	;volatile
    92                           
    93                           ;main.c: 24: for(i = 50000;i--;);
    94  002F22  0EC3               	movlw	195
    95  002F24  6E02               	movwf	_i+1,c
    96  002F26  0E50               	movlw	80
    97  002F28  6E01               	movwf	_i,c
    98  002F2A                     l652:
    99  002F2A  0601               	decf	_i,f,c
   100  002F2C  A0D8               	btfss	status,0,c
   101  002F2E  0602               	decf	_i+1,f,c
   102  002F30  2801               	incf	_i,w,c
   103  002F32  E1FB               	bnz	l652
   104  002F34  2802               	incf	_i+1,w,c
   105  002F36  A4D8               	btfss	status,2,c
   106  002F38  D7F8               	goto	l652
   107                           
   108                           ;main.c: 25: for(i = 50000;i--;);
   109  002F3A  0EC3               	movlw	195
   110  002F3C  6E02               	movwf	_i+1,c
   111  002F3E  0E50               	movlw	80
   112  002F40  6E01               	movwf	_i,c
   113  002F42                     l656:
   114  002F42  0601               	decf	_i,f,c
   115  002F44  A0D8               	btfss	status,0,c
   116  002F46  0602               	decf	_i+1,f,c
   117  002F48  2801               	incf	_i,w,c
   118  002F4A  E1FB               	bnz	l656
   119  002F4C  2802               	incf	_i+1,w,c
   120  002F4E  A4D8               	btfss	status,2,c
   121  002F50  D7F8               	goto	l656
   122                           
   123                           ;main.c: 26: for(i = 50000;i--;);
   124  002F52  0EC3               	movlw	195
   125  002F54  6E02               	movwf	_i+1,c
   126  002F56  0E50               	movlw	80
   127  002F58  6E01               	movwf	_i,c
   128  002F5A                     l660:
   129  002F5A  0601               	decf	_i,f,c
   130  002F5C  A0D8               	btfss	status,0,c
   131  002F5E  0602               	decf	_i+1,f,c
   132  002F60  2801               	incf	_i,w,c
   133  002F62  E1FB               	bnz	l660
   134  002F64  2802               	incf	_i+1,w,c
   135  002F66  A4D8               	btfss	status,2,c
   136  002F68  D7F8               	goto	l660
   137                           
   138                           ;main.c: 28: PORTB = 0x00;
   139  002F6A  0E00               	movlw	0
   140  002F6C  6E81               	movwf	3969,c	;volatile
   141                           
   142                           ;main.c: 30: for(i = 50000;i--;);
   143  002F6E  0EC3               	movlw	195
   144  002F70  6E02               	movwf	_i+1,c
   145  002F72  0E50               	movlw	80
   146  002F74  6E01               	movwf	_i,c
   147  002F76                     l664:
   148  002F76  0601               	decf	_i,f,c
   149  002F78  A0D8               	btfss	status,0,c
   150  002F7A  0602               	decf	_i+1,f,c
   151  002F7C  2801               	incf	_i,w,c
   152  002F7E  E1FB               	bnz	l664
   153  002F80  2802               	incf	_i+1,w,c
   154  002F82  A4D8               	btfss	status,2,c
   155  002F84  D7F8               	goto	l664
   156                           
   157                           ;main.c: 31: for(i = 50000;i--;);
   158  002F86  0EC3               	movlw	195
   159  002F88  6E02               	movwf	_i+1,c
   160  002F8A  0E50               	movlw	80
   161  002F8C  6E01               	movwf	_i,c
   162  002F8E                     l668:
   163  002F8E  0601               	decf	_i,f,c
   164  002F90  A0D8               	btfss	status,0,c
   165  002F92  0602               	decf	_i+1,f,c
   166  002F94  2801               	incf	_i,w,c
   167  002F96  E1FB               	bnz	l668
   168  002F98  2802               	incf	_i+1,w,c
   169  002F9A  A4D8               	btfss	status,2,c
   170  002F9C  D7F8               	goto	l668
   171                           
   172                           ;main.c: 32: for(i = 50000;i--;);
   173  002F9E  0EC3               	movlw	195
   174  002FA0  6E02               	movwf	_i+1,c
   175  002FA2  0E50               	movlw	80
   176  002FA4  6E01               	movwf	_i,c
   177  002FA6                     l672:
   178  002FA6  0601               	decf	_i,f,c
   179  002FA8  A0D8               	btfss	status,0,c
   180  002FAA  0602               	decf	_i+1,f,c
   181  002FAC  2801               	incf	_i,w,c
   182  002FAE  E1FB               	bnz	l672
   183  002FB0  2802               	incf	_i+1,w,c
   184  002FB2  A4D8               	btfss	status,2,c
   185  002FB4  D7F8               	goto	l672
   186                           
   187                           ;main.c: 33: for(i = 50000;i--;);
   188  002FB6  0EC3               	movlw	195
   189  002FB8  6E02               	movwf	_i+1,c
   190  002FBA  0E50               	movlw	80
   191  002FBC  6E01               	movwf	_i,c
   192  002FBE                     l676:
   193  002FBE  0601               	decf	_i,f,c
   194  002FC0  A0D8               	btfss	status,0,c
   195  002FC2  0602               	decf	_i+1,f,c
   196  002FC4  2801               	incf	_i,w,c
   197  002FC6  E1FB               	bnz	l676
   198  002FC8  2802               	incf	_i+1,w,c
   199  002FCA  A4D8               	btfss	status,2,c
   200  002FCC  D7F8               	goto	l676
   201                           
   202                           ;main.c: 34: for(i = 50000;i--;);
   203  002FCE  0EC3               	movlw	195
   204  002FD0  6E02               	movwf	_i+1,c
   205  002FD2  0E50               	movlw	80
   206  002FD4  6E01               	movwf	_i,c
   207  002FD6                     l680:
   208  002FD6  0601               	decf	_i,f,c
   209  002FD8  A0D8               	btfss	status,0,c
   210  002FDA  0602               	decf	_i+1,f,c
   211  002FDC  2801               	incf	_i,w,c
   212  002FDE  E1FB               	bnz	l680
   213  002FE0  2802               	incf	_i+1,w,c
   214  002FE2  A4D8               	btfss	status,2,c
   215  002FE4  D7F8               	goto	l680
   216                           
   217                           ;main.c: 35: for(i = 50000;i--;);
   218  002FE6  0EC3               	movlw	195
   219  002FE8  6E02               	movwf	_i+1,c
   220  002FEA  0E50               	movlw	80
   221  002FEC  6E01               	movwf	_i,c
   222  002FEE                     l684:
   223  002FEE  0601               	decf	_i,f,c
   224  002FF0  A0D8               	btfss	status,0,c
   225  002FF2  0602               	decf	_i+1,f,c
   226  002FF4  2801               	incf	_i,w,c
   227  002FF6  E1FB               	bnz	l684
   228  002FF8  2802               	incf	_i+1,w,c
   229  002FFA  B4D8               	btfsc	status,2,c
   230  002FFC  D791               	goto	l648
   231  002FFE  D7F7               	goto	l684
   232  003000                     __end_of_main:
   233                           	opt stack 0
   234                           status	equ	0xFD8
   235                           
   236 ;; *************** function _init_config *****************
   237 ;; Defined at:
   238 ;;		line 3 in file "main.c"
   239 ;; Parameters:    Size  Location     Type
   240 ;;		None
   241 ;; Auto vars:     Size  Location     Type
   242 ;;		None
   243 ;; Return value:  Size  Location     Type
   244 ;;                  1    wreg      void 
   245 ;; Registers used:
   246 ;;		wreg, status,2
   247 ;; Tracked objects:
   248 ;;		On entry : 0/0
   249 ;;		On exit  : 0/0
   250 ;;		Unchanged: 0/0
   251 ;; Data sizes:     COMRAM   BANK0   BANK1   BANK2   BANK3   BANK4   BANK5
   252 ;;      Params:         0       0       0       0       0       0       0
   253 ;;      Locals:         0       0       0       0       0       0       0
   254 ;;      Temps:          0       0       0       0       0       0       0
   255 ;;      Totals:         0       0       0       0       0       0       0
   256 ;;Total ram usage:        0 bytes
   257 ;; Hardware stack levels used:    1
   258 ;; This function calls:
   259 ;;		Nothing
   260 ;; This function is called by:
   261 ;;		_main
   262 ;; This function uses a non-reentrant model
   263 ;;
   264                           
   265                           	psect	text1
   266  002F0A                     __ptext1:
   267                           	opt stack 0
   268  002F0A                     _init_config:
   269                           	opt stack 30
   270                           
   271                           ;main.c: 6: TRISB = 0x00;
   272                           
   273                           ;incstack = 0
   274  002F0A  0E00               	movlw	0
   275  002F0C  6E93               	movwf	3987,c	;volatile
   276                           
   277                           ;main.c: 8: ADCON1 = 0x00;
   278  002F0E  0E00               	movlw	0
   279  002F10  6EC1               	movwf	4033,c	;volatile
   280                           
   281                           ;main.c: 10: LATB = 0x55;
   282  002F12  0E55               	movlw	85
   283  002F14  6E8A               	movwf	3978,c	;volatile
   284                           
   285                           ;main.c: 12: PORTB = 0x00;
   286  002F16  0E00               	movlw	0
   287  002F18  6E81               	movwf	3969,c	;volatile
   288  002F1A  0012               	return		;funcret
   289  002F1C                     __end_of_init_config:
   290                           	opt stack 0
   291  0000                     status	equ	0xFD8
   292                           status	equ	0xFD8
   293                           
   294                           	psect	rparam
   295  0000                     status	equ	0xFD8


Data Sizes:
    Strings     0
    Constant    0
    Data        0
    BSS         0
    Persistent  2
    Stack       0

Auto Spaces:
    Space          Size  Autos    Used
    COMRAM           95      0       2
    BANK0           160      0       0
    BANK1           256      0       0
    BANK2           256      0       0
    BANK3           256      0       0
    BANK4           256      0       0
    BANK5           256      0       0

Pointer List with Targets:

    None.

Critical Paths under _main in COMRAM

    None.

Critical Paths under _main in BANK0

    None.

Critical Paths under _main in BANK1

    None.

Critical Paths under _main in BANK2

    None.

Critical Paths under _main in BANK3

    None.

Critical Paths under _main in BANK4

    None.

Critical Paths under _main in BANK5

    None.

Call Graph Tables:

 ---------------------------------------------------------------------------------
 (Depth) Function   	        Calls       Base Space   Used Autos Params    Refs
 ---------------------------------------------------------------------------------
 (0) _main                                                 0     0      0       0
                        _init_config
 ---------------------------------------------------------------------------------
 (1) _init_config                                          0     0      0       0
 ---------------------------------------------------------------------------------
 Estimated maximum stack depth 1
 ---------------------------------------------------------------------------------

 Call Graph Graphs:

 _main (ROOT)
   _init_config

 Address spaces:
Name               Size   Autos  Total    Cost      Usage
BITCOMRAM           5F      0       0       0        0.0%
EEDATA             100      0       0       0        0.0%
NULL                 0      0       0       0        0.0%
CODE                 0      0       0       0        0.0%
COMRAM              5F      0       2       1        2.1%
STACK                0      0       0       2        0.0%
ABS                  0      0       2       3        0.0%
BITBANK0            A0      0       0       4        0.0%
BANK0               A0      0       0       5        0.0%
BITBANK1           100      0       0       6        0.0%
BANK1              100      0       0       7        0.0%
BITBANK2           100      0       0       8        0.0%
BANK2              100      0       0       9        0.0%
BITBANK3           100      0       0      10        0.0%
BANK3              100      0       0      11        0.0%
BITBANK4           100      0       0      12        0.0%
BANK4              100      0       0      13        0.0%
BITBANK5           100      0       0      14        0.0%
BANK5              100      0       0      15        0.0%
BIGRAM             5FF      0       0      16        0.0%
DATA                 0      0       2      17        0.0%
BITSFR_3             0      0       0      40        0.0%
SFR_3                0      0       0      40        0.0%
BITSFR_2             0      0       0      40        0.0%
SFR_2                0      0       0      40        0.0%
BITSFR_1             0      0       0      40        0.0%
SFR_1                0      0       0      40        0.0%
BITSFR               0      0       0      40        0.0%
SFR                  0      0       0      40        0.0%


Microchip Technology PIC18 Macro Assembler V1.36 build -262312587 
Symbol Table                                                                                   Mon Aug 26 05:28:31 2019

                      _i 0001                      l660 2F5A                      l652 2F2A  
                    l680 2FD6                      l672 2FA6                      l664 2F76  
                    l656 2F42                      l648 2F20                      l684 2FEE  
                    l676 2FBE                      l668 2F8E                     _LATB 000F8A  
                   _main 2F1C                     start 0000             ___param_bank 000010  
                  ?_main 0000             ?_init_config 0000                    _PORTB 000F81  
                  _TRISB 000F93                    status 000FD8          __initialization 2F04  
           __end_of_main 3000                   ??_main 0000            __activetblptr 000000  
                 _ADCON1 000FC1               __accesstop 0060  __end_of__initialization 2F04  
          ___rparam_used 000001           __pcstackCOMRAM 0000     __size_of_init_config 0012  
             __pnvCOMRAM 0001                  __Hparam 0000                  __Lparam 0000  
                __pcinit 2F04                  __ramtop 0600                  __ptext0 2F1C  
                __ptext1 2F0A     end_of_initialization 2F04      start_initialization 2F04  
          ??_init_config 0000      __end_of_init_config 2F1C                 __Hrparam 0000  
               __Lrparam 0000              _init_config 2F0A            __size_of_main 00E4  
