

Microchip Technology PIC18 LITE Macro Assembler V1.36 build -262312587 
                                                                                               Wed Aug 28 11:17:40 2019

Microchip Technology Omniscient Code Generator v1.36 (Free mode) build 201601150325
     1                           	processor	18F4580
     2                           	fnconf	rparam,??,?,0
     3                           	opt	pw 120
     4                           	opt	lm
     5                           	psect	cinit,global,reloc=2,class=CODE,delta=1
     6                           	psect	bitbssCOMRAM,global,bit,class=COMRAM,space=1,delta=1
     7                           	psect	cstackCOMRAM,global,class=COMRAM,space=1,delta=1
     8                           	psect	text0,global,reloc=2,class=CODE,delta=1
     9                           	psect	text1,global,reloc=2,class=CODE,delta=1
    10                           	psect	text2,global,reloc=2,class=CODE,delta=1
    11                           	psect	intcode,global,reloc=2,class=CODE,delta=1
    12                           	psect	intcode_body,global,reloc=2,class=CODE,delta=1
    13                           	psect	intsave_regs,global,class=BIGRAM,space=1,delta=1
    14                           	psect	rparam,global,class=COMRAM,space=1,delta=1
    15                           	psect	temp,global,ovrld,common,class=COMRAM,space=1,delta=1
    16  0000                     _ADCON1	set	4033
    17  0000                     _GIE	set	32663
    18  0000                     _INT0E	set	32660
    19  0000                     _INT0F	set	32657
    20  0000                     _INTEDG0	set	32654
    21  0000                     _RB7	set	31759
    22  0000                     _RC0	set	31760
    23  0000                     _TRISB0	set	31896
    24  0000                     _TRISB7	set	31903
    25                           
    26                           ; #config settings
    27  0000                     
    28                           	psect	cinit
    29  0000CE                     __pcinit:
    30                           	opt stack 0
    31  0000CE                     start_initialization:
    32                           	opt stack 0
    33  0000CE                     __initialization:
    34                           	opt stack 0
    35                           
    36                           ; Clear objects allocated to BITCOMRAM (1 bytes)
    37  0000CE  6A11               	clrf	(__pbitbssCOMRAM/(0+8))& (0+255),c
    38  0000D0                     end_of_initialization:
    39                           	opt stack 0
    40  0000D0                     __end_of__initialization:
    41                           	opt stack 0
    42  0000D0  9012               	bcf	int$flags,0,c	;clear compiler interrupt flag (level 1)
    43  0000D2  9212               	bcf	int$flags,1,c	;clear compiler interrupt flag (level 2)
    44  0000D4  0100               	movlb	0
    45  0000D6  EF48  F000         	goto	_main	;jump to C main() function
    46                           
    47                           	psect	bitbssCOMRAM
    48  000088                     __pbitbssCOMRAM:
    49                           	opt stack 0
    50  000088                     _key_detected:
    51                           	opt stack 0
    52  000088                     	ds	1
    53                           
    54                           	psect	cstackCOMRAM
    55  000001                     __pcstackCOMRAM:
    56                           	opt stack 0
    57  000001                     ??_isr:
    58  000001                     
    59                           ; 1 bytes @ 0x0
    60  000001                     	ds	14
    61  00000F                     main@wait:
    62                           	opt stack 0
    63                           
    64                           ; 2 bytes @ 0xE
    65  00000F                     	ds	2
    66                           
    67 ;;
    68 ;;Main: autosize = 0, tempsize = 0, incstack = 0, save=0
    69 ;;
    70 ;; *************** function _main *****************
    71 ;; Defined at:
    72 ;;		line 19 in file "main.c"
    73 ;; Parameters:    Size  Location     Type
    74 ;;		None
    75 ;; Auto vars:     Size  Location     Type
    76 ;;  wait            2   14[COMRAM] unsigned short 
    77 ;; Return value:  Size  Location     Type
    78 ;;                  1    wreg      void 
    79 ;; Registers used:
    80 ;;		wreg, status,2, status,0, cstack
    81 ;; Tracked objects:
    82 ;;		On entry : 0/0
    83 ;;		On exit  : 0/0
    84 ;;		Unchanged: 0/0
    85 ;; Data sizes:     COMRAM   BANK0   BANK1   BANK2   BANK3   BANK4   BANK5
    86 ;;      Params:         0       0       0       0       0       0       0
    87 ;;      Locals:         2       0       0       0       0       0       0
    88 ;;      Temps:          0       0       0       0       0       0       0
    89 ;;      Totals:         2       0       0       0       0       0       0
    90 ;;Total ram usage:        2 bytes
    91 ;; Hardware stack levels required when called:    3
    92 ;; This function calls:
    93 ;;		_init_config
    94 ;; This function is called by:
    95 ;;		Startup code after reset
    96 ;; This function uses a non-reentrant model
    97 ;;
    98                           
    99                           	psect	text0
   100  000090                     __ptext0:
   101                           	opt stack 0
   102  000090                     _main:
   103                           	opt stack 28
   104                           
   105                           ;main.c: 21: unsigned short wait;
   106                           ;main.c: 23: init_config();
   107                           
   108                           ;incstack = 0
   109  000090  EC5F  F000         	call	_init_config	;wreg free
   110  000094                     l662:
   111                           
   112                           ;main.c: 26: {
   113                           ;main.c: 32: if (RC0 == 0)
   114  000094  B082               	btfsc	3970,0,c	;volatile
   115  000096  D006               	goto	l666
   116                           
   117                           ;main.c: 33: {
   118                           ;main.c: 34: key_detected = 0;
   119  000098  9011               	bcf	_key_detected/(0+8),_key_detected& (0+7),c
   120                           
   121                           ;main.c: 35: RB7 = !RB7;
   122  00009A  BE81               	btfsc	3969,7,c	;volatile
   123  00009C  D002               	goto	u30
   124  00009E  8E81               	bsf	3969,7,c	;volatile
   125  0000A0  D001               	goto	l666
   126  0000A2                     u30:
   127  0000A2  9E81               	bcf	3969,7,c	;volatile
   128  0000A4                     l666:
   129                           
   130                           ;main.c: 36: }
   131                           ;main.c: 38: for (wait = 10000; wait--; );
   132  0000A4  0E27               	movlw	39
   133  0000A6  6E10               	movwf	main@wait+1,c
   134  0000A8  0E10               	movlw	16
   135  0000AA  6E0F               	movwf	main@wait,c
   136  0000AC                     l668:
   137  0000AC  060F               	decf	main@wait,f,c
   138  0000AE  A0D8               	btfss	status,0,c
   139  0000B0  0610               	decf	main@wait+1,f,c
   140  0000B2  280F               	incf	main@wait,w,c
   141  0000B4  E1FB               	bnz	l668
   142  0000B6  2810               	incf	main@wait+1,w,c
   143  0000B8  B4D8               	btfsc	status,2,c
   144  0000BA  D7EC               	goto	l662
   145  0000BC  D7F7               	goto	l668
   146  0000BE                     __end_of_main:
   147                           	opt stack 0
   148                           status	equ	0xFD8
   149                           
   150 ;; *************** function _init_config *****************
   151 ;; Defined at:
   152 ;;		line 7 in file "main.c"
   153 ;; Parameters:    Size  Location     Type
   154 ;;		None
   155 ;; Auto vars:     Size  Location     Type
   156 ;;		None
   157 ;; Return value:  Size  Location     Type
   158 ;;                  1    wreg      void 
   159 ;; Registers used:
   160 ;;		wreg, status,2, cstack
   161 ;; Tracked objects:
   162 ;;		On entry : 0/0
   163 ;;		On exit  : 0/0
   164 ;;		Unchanged: 0/0
   165 ;; Data sizes:     COMRAM   BANK0   BANK1   BANK2   BANK3   BANK4   BANK5
   166 ;;      Params:         0       0       0       0       0       0       0
   167 ;;      Locals:         0       0       0       0       0       0       0
   168 ;;      Temps:          0       0       0       0       0       0       0
   169 ;;      Totals:         0       0       0       0       0       0       0
   170 ;;Total ram usage:        0 bytes
   171 ;; Hardware stack levels used:    1
   172 ;; Hardware stack levels required when called:    2
   173 ;; This function calls:
   174 ;;		_init_external_interrupt
   175 ;; This function is called by:
   176 ;;		_main
   177 ;; This function uses a non-reentrant model
   178 ;;
   179                           
   180                           	psect	text1
   181  0000BE                     __ptext1:
   182                           	opt stack 0
   183  0000BE                     _init_config:
   184                           	opt stack 28
   185                           
   186                           ;main.c: 9: ADCON1 = 0x0F;
   187                           
   188                           ;incstack = 0
   189  0000BE  0E0F               	movlw	15
   190  0000C0  6EC1               	movwf	4033,c	;volatile
   191                           
   192                           ;main.c: 11: TRISB7 = 0;
   193  0000C2  9E93               	bcf	3987,7,c	;volatile
   194                           
   195                           ;main.c: 12: TRISB0 = 1;
   196  0000C4  8093               	bsf	3987,0,c	;volatile
   197                           
   198                           ;main.c: 14: init_external_interrupt();
   199  0000C6  EC6D  F000         	call	_init_external_interrupt	;wreg free
   200                           
   201                           ;main.c: 16: GIE = 1;
   202  0000CA  8EF2               	bsf	intcon,7,c	;volatile
   203  0000CC  0012               	return		;funcret
   204  0000CE                     __end_of_init_config:
   205                           	opt stack 0
   206                           intcon	equ	0xFF2
   207                           status	equ	0xFD8
   208                           
   209 ;; *************** function _init_external_interrupt *****************
   210 ;; Defined at:
   211 ;;		line 4 in file "external_interrupt.c"
   212 ;; Parameters:    Size  Location     Type
   213 ;;		None
   214 ;; Auto vars:     Size  Location     Type
   215 ;;		None
   216 ;; Return value:  Size  Location     Type
   217 ;;                  1    wreg      void 
   218 ;; Registers used:
   219 ;;		None
   220 ;; Tracked objects:
   221 ;;		On entry : 0/0
   222 ;;		On exit  : 0/0
   223 ;;		Unchanged: 0/0
   224 ;; Data sizes:     COMRAM   BANK0   BANK1   BANK2   BANK3   BANK4   BANK5
   225 ;;      Params:         0       0       0       0       0       0       0
   226 ;;      Locals:         0       0       0       0       0       0       0
   227 ;;      Temps:          0       0       0       0       0       0       0
   228 ;;      Totals:         0       0       0       0       0       0       0
   229 ;;Total ram usage:        0 bytes
   230 ;; Hardware stack levels used:    1
   231 ;; Hardware stack levels required when called:    1
   232 ;; This function calls:
   233 ;;		Nothing
   234 ;; This function is called by:
   235 ;;		_init_config
   236 ;; This function uses a non-reentrant model
   237 ;;
   238                           
   239                           	psect	text2
   240  0000DA                     __ptext2:
   241                           	opt stack 0
   242  0000DA                     _init_external_interrupt:
   243                           	opt stack 28
   244                           
   245                           ;external_interrupt.c: 6: INTEDG0 = 1;
   246                           
   247                           ;incstack = 0
   248  0000DA  8CF1               	bsf	intcon2,6,c	;volatile
   249                           
   250                           ;external_interrupt.c: 7: INT0F = 0;
   251  0000DC  92F2               	bcf	intcon,1,c	;volatile
   252                           
   253                           ;external_interrupt.c: 8: INT0E = 1;
   254  0000DE  88F2               	bsf	intcon,4,c	;volatile
   255  0000E0  0012               	return		;funcret
   256  0000E2                     __end_of_init_external_interrupt:
   257                           	opt stack 0
   258                           intcon	equ	0xFF2
   259                           intcon2	equ	0xFF1
   260                           status	equ	0xFD8
   261                           
   262 ;; *************** function _isr *****************
   263 ;; Defined at:
   264 ;;		line 6 in file "isr.c"
   265 ;; Parameters:    Size  Location     Type
   266 ;;		None
   267 ;; Auto vars:     Size  Location     Type
   268 ;;		None
   269 ;; Return value:  Size  Location     Type
   270 ;;                  1    wreg      void 
   271 ;; Registers used:
   272 ;;		None
   273 ;; Tracked objects:
   274 ;;		On entry : 0/0
   275 ;;		On exit  : 0/0
   276 ;;		Unchanged: 0/0
   277 ;; Data sizes:     COMRAM   BANK0   BANK1   BANK2   BANK3   BANK4   BANK5
   278 ;;      Params:         0       0       0       0       0       0       0
   279 ;;      Locals:         0       0       0       0       0       0       0
   280 ;;      Temps:         14       0       0       0       0       0       0
   281 ;;      Totals:        14       0       0       0       0       0       0
   282 ;;Total ram usage:       14 bytes
   283 ;; Hardware stack levels used:    1
   284 ;; This function calls:
   285 ;;		Nothing
   286 ;; This function is called by:
   287 ;;		Interrupt level 2
   288 ;; This function uses a non-reentrant model
   289 ;;
   290                           
   291                           	psect	intcode
   292  000008                     __pintcode:
   293                           	opt stack 0
   294  000008                     _isr:
   295                           	opt stack 28
   296                           
   297                           ;incstack = 0
   298  000008  8212               	bsf	btemp,1,c	;set compiler interrupt flag (level 2)
   299  00000A  CFFA F001          	movff	pclath,??_isr
   300  00000E  CFFB F002          	movff	pclatu,??_isr+1
   301  000012  ED0D  F000         	call	int_func,f	;refresh shadow registers
   302                           pclatu	equ	0xFFB
   303                           pclath	equ	0xFFA
   304                           intcon	equ	0xFF2
   305                           intcon2	equ	0xFF1
   306                           status	equ	0xFD8
   307                           
   308                           	psect	intcode_body
   309  00001A                     __pintcode_body:
   310                           	opt stack 28
   311  00001A                     int_func:
   312                           	opt stack 28
   313  00001A  0006               	pop		; remove dummy address from shadow register refresh
   314  00001C  CFE9 F003          	movff	fsr0l,??_isr+2
   315  000020  CFEA F004          	movff	fsr0h,??_isr+3
   316  000024  CFE1 F005          	movff	fsr1l,??_isr+4
   317  000028  CFE2 F006          	movff	fsr1h,??_isr+5
   318  00002C  CFD9 F007          	movff	fsr2l,??_isr+6
   319  000030  CFDA F008          	movff	fsr2h,??_isr+7
   320  000034  CFF3 F009          	movff	prodl,??_isr+8
   321  000038  CFF4 F00A          	movff	prodh,??_isr+9
   322  00003C  CFF6 F00B          	movff	tblptrl,??_isr+10
   323  000040  CFF7 F00C          	movff	tblptrh,??_isr+11
   324  000044  CFF8 F00D          	movff	tblptru,??_isr+12
   325  000048  CFF5 F00E          	movff	tablat,??_isr+13
   326                           
   327                           ;isr.c: 8: if (INT0F == 1)
   328  00004C  A2F2               	btfss	intcon,1,c	;volatile
   329  00004E  D002               	goto	i2l8
   330                           
   331                           ;isr.c: 9: {
   332                           ;isr.c: 10: key_detected = 1;
   333  000050  8011               	bsf	_key_detected/(0+8),_key_detected& (0+7),c
   334                           
   335                           ;isr.c: 12: INT0F = 0;
   336  000052  92F2               	bcf	intcon,1,c	;volatile
   337  000054                     i2l8:
   338  000054  C00E  FFF5         	movff	??_isr+13,tablat
   339  000058  C00D  FFF8         	movff	??_isr+12,tblptru
   340  00005C  C00C  FFF7         	movff	??_isr+11,tblptrh
   341  000060  C00B  FFF6         	movff	??_isr+10,tblptrl
   342  000064  C00A  FFF4         	movff	??_isr+9,prodh
   343  000068  C009  FFF3         	movff	??_isr+8,prodl
   344  00006C  C008  FFDA         	movff	??_isr+7,fsr2h
   345  000070  C007  FFD9         	movff	??_isr+6,fsr2l
   346  000074  C006  FFE2         	movff	??_isr+5,fsr1h
   347  000078  C005  FFE1         	movff	??_isr+4,fsr1l
   348  00007C  C004  FFEA         	movff	??_isr+3,fsr0h
   349  000080  C003  FFE9         	movff	??_isr+2,fsr0l
   350  000084  C002  FFFB         	movff	??_isr+1,pclatu
   351  000088  C001  FFFA         	movff	??_isr,pclath
   352  00008C  9212               	bcf	btemp,1,c	;clear compiler interrupt flag (level 2)
   353  00008E  0011               	retfie		f
   354  000090                     __end_of_isr:
   355                           	opt stack 0
   356  0000                     pclatu	equ	0xFFB
   357                           pclath	equ	0xFFA
   358                           tblptru	equ	0xFF8
   359                           tblptrh	equ	0xFF7
   360                           tblptrl	equ	0xFF6
   361                           tablat	equ	0xFF5
   362                           prodh	equ	0xFF4
   363                           prodl	equ	0xFF3
   364                           intcon	equ	0xFF2
   365                           intcon2	equ	0xFF1
   366                           fsr0h	equ	0xFEA
   367                           fsr0l	equ	0xFE9
   368                           fsr1h	equ	0xFE2
   369                           fsr1l	equ	0xFE1
   370                           fsr2h	equ	0xFDA
   371                           fsr2l	equ	0xFD9
   372                           status	equ	0xFD8
   373                           pclatu	equ	0xFFB
   374                           pclath	equ	0xFFA
   375                           tblptru	equ	0xFF8
   376                           tblptrh	equ	0xFF7
   377                           tblptrl	equ	0xFF6
   378                           tablat	equ	0xFF5
   379                           prodh	equ	0xFF4
   380                           prodl	equ	0xFF3
   381                           intcon	equ	0xFF2
   382                           intcon2	equ	0xFF1
   383                           fsr0h	equ	0xFEA
   384                           fsr0l	equ	0xFE9
   385                           fsr1h	equ	0xFE2
   386                           fsr1l	equ	0xFE1
   387                           fsr2h	equ	0xFDA
   388                           fsr2l	equ	0xFD9
   389                           status	equ	0xFD8
   390                           
   391                           	psect	rparam
   392  0000                     pclatu	equ	0xFFB
   393                           pclath	equ	0xFFA
   394                           tblptru	equ	0xFF8
   395                           tblptrh	equ	0xFF7
   396                           tblptrl	equ	0xFF6
   397                           tablat	equ	0xFF5
   398                           prodh	equ	0xFF4
   399                           prodl	equ	0xFF3
   400                           intcon	equ	0xFF2
   401                           intcon2	equ	0xFF1
   402                           fsr0h	equ	0xFEA
   403                           fsr0l	equ	0xFE9
   404                           fsr1h	equ	0xFE2
   405                           fsr1l	equ	0xFE1
   406                           fsr2h	equ	0xFDA
   407                           fsr2l	equ	0xFD9
   408                           status	equ	0xFD8
   409                           
   410                           	psect	temp
   411  000012                     btemp:
   412                           	opt stack 0
   413  000012                     	ds	1
   414  0000                     int$flags	set	btemp
   415                           pclatu	equ	0xFFB
   416                           pclath	equ	0xFFA
   417                           tblptru	equ	0xFF8
   418                           tblptrh	equ	0xFF7
   419                           tblptrl	equ	0xFF6
   420                           tablat	equ	0xFF5
   421                           prodh	equ	0xFF4
   422                           prodl	equ	0xFF3
   423                           intcon	equ	0xFF2
   424                           intcon2	equ	0xFF1
   425                           fsr0h	equ	0xFEA
   426                           fsr0l	equ	0xFE9
   427                           fsr1h	equ	0xFE2
   428                           fsr1l	equ	0xFE1
   429                           fsr2h	equ	0xFDA
   430                           fsr2l	equ	0xFD9
   431                           status	equ	0xFD8


Data Sizes:
    Strings     0
    Constant    0
    Data        0
    BSS         0
    Persistent  0
    Stack       0

Auto Spaces:
    Space          Size  Autos    Used
    COMRAM           94     16      17
    BANK0           160      0       0
    BANK1           256      0       0
    BANK2           256      0       0
    BANK3           256      0       0
    BANK4           256      0       0
    BANK5           256      0       0

Pointer List with Targets:

    None.

Critical Paths under _main in COMRAM

    None.

Critical Paths under _isr in COMRAM

    None.

Critical Paths under _main in BANK0

    None.

Critical Paths under _isr in BANK0

    None.

Critical Paths under _main in BANK1

    None.

Critical Paths under _isr in BANK1

    None.

Critical Paths under _main in BANK2

    None.

Critical Paths under _isr in BANK2

    None.

Critical Paths under _main in BANK3

    None.

Critical Paths under _isr in BANK3

    None.

Critical Paths under _main in BANK4

    None.

Critical Paths under _isr in BANK4

    None.

Critical Paths under _main in BANK5

    None.

Critical Paths under _isr in BANK5

    None.

Call Graph Tables:

 ---------------------------------------------------------------------------------
 (Depth) Function   	        Calls       Base Space   Used Autos Params    Refs
 ---------------------------------------------------------------------------------
 (0) _main                                                 2     2      0      15
                                             14 COMRAM     2     2      0
                        _init_config
 ---------------------------------------------------------------------------------
 (1) _init_config                                          0     0      0       0
            _init_external_interrupt
 ---------------------------------------------------------------------------------
 (2) _init_external_interrupt                              0     0      0       0
 ---------------------------------------------------------------------------------
 Estimated maximum stack depth 2
 ---------------------------------------------------------------------------------
 (Depth) Function   	        Calls       Base Space   Used Autos Params    Refs
 ---------------------------------------------------------------------------------
 (3) _isr                                                 14    14      0       0
                                              0 COMRAM    14    14      0
 ---------------------------------------------------------------------------------
 Estimated maximum stack depth 3
 ---------------------------------------------------------------------------------

 Call Graph Graphs:

 _main (ROOT)
   _init_config
     _init_external_interrupt

 _isr (ROOT)

 Address spaces:
Name               Size   Autos  Total    Cost      Usage
BIGRAM             5FF      0       0      16        0.0%
EEDATA             100      0       0       0        0.0%
BITBANK5           100      0       0      14        0.0%
BANK5              100      0       0      15        0.0%
BITBANK4           100      0       0      12        0.0%
BANK4              100      0       0      13        0.0%
BITBANK3           100      0       0      10        0.0%
BANK3              100      0       0      11        0.0%
BITBANK2           100      0       0       8        0.0%
BANK2              100      0       0       9        0.0%
BITBANK1           100      0       0       6        0.0%
BANK1              100      0       0       7        0.0%
BITBANK0            A0      0       0       4        0.0%
BANK0               A0      0       0       5        0.0%
BITCOMRAM           5E      0       1       0        1.1%
COMRAM              5E     10      11       1       18.1%
BITSFR_3             0      0       0      40        0.0%
SFR_3                0      0       0      40        0.0%
BITSFR_2             0      0       0      40        0.0%
SFR_2                0      0       0      40        0.0%
BITSFR_1             0      0       0      40        0.0%
SFR_1                0      0       0      40        0.0%
BITSFR               0      0       0      40        0.0%
SFR                  0      0       0      40        0.0%
STACK                0      0       0       2        0.0%
NULL                 0      0       0       0        0.0%
ABS                  0      0      11       3        0.0%
DATA                 0      0      11      17        0.0%
CODE                 0      0       0       0        0.0%


Microchip Technology PIC18 Macro Assembler V1.36 build -262312587 
Symbol Table                                                                                   Wed Aug 28 11:17:40 2019

                              u30 00A2                       __CFG_OSC$XT 000000  
                             l662 0094                               l666 00A4  
                             l668 00AC                               _GIE 007F97  
                             _RC0 007C10                               _RB7 007C0F  
                             i2l8 0054  __size_of_init_external_interrupt 0008  
                             _isr 0008                      __CFG_LVP$OFF 000000  
                    __CFG_WDT$OFF 000000                              ?_isr 0001  
                            _main 0090                              fsr0h 000FEA  
                            fsr1h 000FE2                              fsr0l 000FE9  
                            fsr2h 000FDA                              fsr1l 000FE1  
                            fsr2l 000FD9                              btemp 0012  
                            pclat 000FFA                              prodh 000FF4  
                            prodl 000FF3                              start 0016  
                    ___param_bank 000010                             ??_isr 0001  
                           ?_main 0001                             _INT0E 007F94  
                           _INT0F 007F91                      ?_init_config 0001  
                  __pbitbssCOMRAM 0088                    __CFG_BOREN$OFF 000000  
                           tablat 000FF5                             status 000FD8  
                 __initialization 00CE                      __end_of_main 00BE  
                          ??_main 000F                     __activetblptr 000000  
                          _ADCON1 000FC1                            _TRISB0 007C98  
                          _TRISB7 007C9F           _init_external_interrupt 00DA  
                          tblptrh 000FF7                            tblptrl 000FF6  
                          tblptru 000FF8                        __accesstop 0060  
         __end_of__initialization 00D0                   __CFG_PBADEN$OFF 000000  
                   ___rparam_used 000001                    __pcstackCOMRAM 0001  
            __size_of_init_config 0010         ??_init_external_interrupt 000F  
                         _INTEDG0 007F8E                           __Hparam 0000  
                         __Lparam 0000                           __pcinit 00CE  
                         __ramtop 0600                           __ptext0 0090  
                         __ptext1 00BE                           __ptext2 00DA  
                    __size_of_isr 0088   __end_of_init_external_interrupt 00E2  
                  __pintcode_body 001A              end_of_initialization 00D0  
                         int_func 001A               start_initialization 00CE  
                     __end_of_isr 0090                     ??_init_config 000F  
                    _key_detected 0088                         __pintcode 0008  
             __end_of_init_config 00CE          ?_init_external_interrupt 0001  
                        __Hrparam 0000                          __Lrparam 0000  
                     _init_config 00BE                     __size_of_main 002E  
                        int$flags 0012                          main@wait 000F  
                        intlevel2 0000  
