

Microchip Technology PIC18 Macro Assembler V1.36 build -262312587 
                                                                                                           Wed Aug 28 11:17:40 2019


     1                           
     2                           	; Microchip MPLAB XC8 C Compiler V1.36
     3                           	; Copyright (C) 1984-2016 HI-TECH Software
     4                           
     5                           	; Auto-generated runtime startup code for final link stage.
     6                           
     7                           	;
     8                           	; Compiler options:
     9                           	;
    10                           	; --chip=18F4580 -I/opt/microchip/xc8/v1.36/include/ --ROM=0-3000 -Q \
    11                           	; --opt=all --asmlist --summary=psect,mem -Mpic18F4580.map -DCOMPILER= \
    12                           	; -intel isr.p1 external_interrupt.p1 main.p1 -opic18F4580.hex
    13                           	;
    14                           
    15                           
    16                           	processor	18F4580
    17                           
    18                           	GLOBAL	_main,start
    19                           	FNROOT	_main
    20                           
    21  0000                     
    22                           	psect	config,class=CONFIG,delta=1,noexec
    23                           	psect	idloc,class=IDLOC,delta=1,noexec
    24                           	psect	const,class=CONST,delta=1,reloc=2,noexec
    25                           	psect	smallconst,class=SMALLCONST,delta=1,reloc=2,noexec
    26                           	psect	mediumconst,class=MEDIUMCONST,delta=1,reloc=2,noexec
    27                           	psect	rbss,class=COMRAM,space=1,noexec
    28                           	psect	bss,class=RAM,space=1,noexec
    29                           	psect	rdata,class=COMRAM,space=1,noexec
    30                           	psect	irdata,class=CODE,space=0,reloc=2,noexec
    31                           	psect	bss,class=RAM,space=1,noexec
    32                           	psect	data,class=RAM,space=1,noexec
    33                           	psect	idata,class=CODE,space=0,reloc=2,noexec
    34                           	psect	nvrram,class=COMRAM,space=1,noexec
    35                           	psect	nvbit,class=COMRAM,bit,space=1,noexec
    36                           	psect	temp,ovrld,class=COMRAM,space=1,noexec
    37                           	psect	struct,ovrld,class=COMRAM,space=1,noexec
    38                           	psect	rbit,class=COMRAM,bit,space=1,noexec
    39                           	psect	bigbss,class=BIGRAM,space=1,noexec
    40                           	psect	bigdata,class=BIGRAM,space=1,noexec
    41                           	psect	ibigdata,class=CODE,space=0,reloc=2,noexec
    42                           	psect	farbss,class=FARRAM,space=0,reloc=2,delta=1,noexec
    43                           	psect	nvFARRAM,class=FARRAM,space=0,reloc=2,delta=1,noexec
    44                           	psect	fardata,class=FARRAM,space=0,reloc=2,delta=1,noexec
    45                           	psect	ifardata,class=CODE,space=0,reloc=2,delta=1,noexec
    46                           
    47                           	psect	reset_vec,class=CODE,delta=1,reloc=2
    48                           	psect	powerup,class=CODE,delta=1,reloc=2
    49                           	psect	intcode,class=CODE,delta=1,reloc=2
    50                           	psect	intcode_body,class=CODE,delta=1,reloc=2
    51                           	psect	intcodelo,class=CODE,delta=1,reloc=2
    52                           	psect	intret,class=CODE,delta=1,reloc=2
    53                           	psect	intentry,class=CODE,delta=1,reloc=2
    54                           
    55                           	psect	intsave_regs,class=BIGRAM,space=1
    56                           	psect	init,class=CODE,delta=1,reloc=2
    57                           	psect	text,class=CODE,delta=1,reloc=2
    58                           GLOBAL	intlevel0,intlevel1,intlevel2
    59                           intlevel0:
    60  000000                     intlevel1:
    61  000000                     intlevel2:
    62  000000                     GLOBAL	intlevel3
    63                           intlevel3:
    64  000000                     	psect	end_init,class=CODE,delta=1,reloc=2
    65                           	psect	clrtext,class=CODE,delta=1,reloc=2
    66                           
    67                           	psect	eeprom_data,class=EEDATA,delta=1,noexec
    68                           	psect	smallconst
    69                           	GLOBAL	__smallconst
    70                           __smallconst:
    71  000000                     	psect	mediumconst
    72                           	GLOBAL	__mediumconst
    73                           __mediumconst:
    74  000000                     wreg	EQU	0FE8h
    75  0000                     fsr0l	EQU	0FE9h
    76  0000                     fsr0h	EQU	0FEAh
    77  0000                     fsr1l	EQU	0FE1h
    78  0000                     fsr1h	EQU	0FE2h
    79  0000                     fsr2l	EQU	0FD9h
    80  0000                     fsr2h	EQU	0FDAh
    81  0000                     postinc0	EQU	0FEEh
    82  0000                     postdec0	EQU	0FEDh
    83  0000                     postinc1	EQU	0FE6h
    84  0000                     postdec1	EQU	0FE5h
    85  0000                     postinc2	EQU	0FDEh
    86  0000                     postdec2	EQU	0FDDh
    87  0000                     tblptrl	EQU	0FF6h
    88  0000                     tblptrh	EQU	0FF7h
    89  0000                     tblptru	EQU	0FF8h
    90  0000                     tablat		EQU	0FF5h
    91  0000                     
    92                           	PSECT	ramtop,class=RAM,noexec
    93                           	GLOBAL	__S1			; top of RAM usage
    94                           	GLOBAL	__ramtop
    95                           	GLOBAL	__LRAM,__HRAM
    96                           __ramtop:
    97  000600                     
    98                           	psect	reset_vec
    99                           reset_vec:
   100  000000                     	; No powerup routine
   101                           	global start
   102                           
   103                           ; jump to start
   104                           	goto start
   105  000000  EF0B  F000         	GLOBAL __accesstop
   106                           __accesstop EQU 96
   107  0000                     
   108                           
   109                           	psect	init
   110                           start:
   111  000016                     
   112                           ;Initialize the stack pointer (FSR1)
   113                           	global stacklo, stackhi
   114                           	stacklo	equ	060h
   115  0000                     	stackhi	equ	05FFh
   116  0000                     
   117                           
   118                           	psect	stack,class=STACK,space=2,noexec
   119                           	global ___sp,___inthi_sp,___intlo_sp
   120                           ___sp:
   121  000000                     ___inthi_sp:
   122  000000                     ___intlo_sp:
   123  000000                     
   124                           	psect	end_init
   125                           	global start_initialization
   126                           	goto start_initialization	;jump to C runtime clear & initialization
   127  000016  EF67  F000         
   128                           ; Padding undefined space
   129                           	psect	config,class=CONFIG,delta=1,noexec
   130                           		org 0x0
   131  300000                     		db 0xFF
   132  300000  FF                 
   133                           ; Config register CONFIG1H @ 0x300001
   134                           ;	Oscillator Selection bits
   135                           ;	OSC = XT, XT oscillator
   136                           ;	Fail-Safe Clock Monitor Enable bit
   137                           ;	FCMEN = 0x0, unprogrammed default
   138                           ;	Internal/External Oscillator Switchover bit
   139                           ;	IESO = 0x0, unprogrammed default
   140                           
   141                           	psect	config,class=CONFIG,delta=1,noexec
   142                           		org 0x1
   143  300001                     		db 0x1
   144  300001  01                 
   145                           ; Config register CONFIG2L @ 0x300002
   146                           ;	Power-up Timer Enable bit
   147                           ;	PWRT = 0x1, unprogrammed default
   148                           ;	Brown-out Reset Enable bits
   149                           ;	BOREN = OFF, Brown-out Reset disabled in hardware and software
   150                           ;	Brown-out Reset Voltage bits
   151                           ;	BORV = 0x3, unprogrammed default
   152                           
   153                           	psect	config,class=CONFIG,delta=1,noexec
   154                           		org 0x2
   155  300002                     		db 0x19
   156  300002  19                 
   157                           ; Config register CONFIG2H @ 0x300003
   158                           ;	Watchdog Timer Postscale Select bits
   159                           ;	WDTPS = 0xF, unprogrammed default
   160                           ;	Watchdog Timer Enable bit
   161                           ;	WDT = OFF, WDT disabled (control is placed on the SWDTEN bit)
   162                           
   163                           	psect	config,class=CONFIG,delta=1,noexec
   164                           		org 0x3
   165  300003                     		db 0x1E
   166  300003  1E                 
   167                           ; Padding undefined space
   168                           	psect	config,class=CONFIG,delta=1,noexec
   169                           		org 0x4
   170  300004                     		db 0xFF
   171  300004  FF                 
   172                           ; Config register CONFIG3H @ 0x300005
   173                           ;	PORTB A/D Enable bit
   174                           ;	PBADEN = OFF, PORTB<4:0> pins are configured as digital I/O on Reset
   175                           ;	MCLR Pin Enable bit
   176                           ;	MCLRE = 0x1, unprogrammed default
   177                           ;	Low-Power Timer 1 Oscillator Enable bit
   178                           ;	LPT1OSC = 0x0, unprogrammed default
   179                           
   180                           	psect	config,class=CONFIG,delta=1,noexec
   181                           		org 0x5
   182  300005                     		db 0x80
   183  300005  80                 
   184                           ; Config register CONFIG4L @ 0x300006
   185                           ;	Stack Full/Underflow Reset Enable bit
   186                           ;	STVREN = 0x1, unprogrammed default
   187                           ;	Background Debugger Enable bit
   188                           ;	DEBUG = 0x1, unprogrammed default
   189                           ;	Single-Supply ICSP Enable bit
   190                           ;	LVP = OFF, Single-Supply ICSP disabled
   191                           ;	Extended Instruction Set Enable bit
   192                           ;	XINST = 0x0, unprogrammed default
   193                           ;	Boot Block Size Select bit
   194                           ;	BBSIZ = 0x0, unprogrammed default
   195                           
   196                           	psect	config,class=CONFIG,delta=1,noexec
   197                           		org 0x6
   198  300006                     		db 0x81
   199  300006  81                 
   200                           ; Padding undefined space
   201                           	psect	config,class=CONFIG,delta=1,noexec
   202                           		org 0x7
   203  300007                     		db 0xFF
   204  300007  FF                 


Microchip Technology PIC18 Macro Assembler V1.36 build -262312587 
Symbol Table                                                                                               Wed Aug 28 11:17:40 2019

                __S1 0013                 ___sp 0000                 _main 0090                 start 0016  
              __HRAM 0000                __LRAM 0001         __mediumconst 0000               stackhi 0005FF  
             stacklo 000060           __accesstop 000060           ___inthi_sp 0000           ___intlo_sp 0000  
            __ramtop 0600  start_initialization 00CE          __smallconst 0000             intlevel0 0000  
           intlevel1 0000             intlevel2 0000             intlevel3 0000             reset_vec 0000  
